Log file open, 09/23/18 16:12:23
LogWindows: Failed to load 'aqProf.dll' (GetLastError=126)
LogWindows: File 'aqProf.dll' does not exist
LogWindows: Failed to load 'VSPerf140.dll' (GetLastError=126)
LogWindows: File 'VSPerf140.dll' does not exist
LogWindows: Failed to load 'VtuneApi.dll' (GetLastError=126)
LogWindows: File 'VtuneApi.dll' does not exist
LogWindows: Failed to load 'VtuneApi32e.dll' (GetLastError=126)
LogWindows: File 'VtuneApi32e.dll' does not exist
LogInit: Display: Running engine for game: proto_shooter_TPS
LogPlatformFile: Not using cached read wrapper
LogTaskGraph: Started task graph with 5 named threads and 17 total threads with 3 sets of task threads.
LogStats: Stats thread started at 0.474755
LogD3D11RHI: Loaded GFSDK_Aftermath_Lib.x64.dll
LogICUInternationalization: Display: ICU TimeZone Detection - Raw Offset: +1:00, Platform Override: ''
LogPluginManager: Mounting plugin Paper2D
LogPluginManager: Mounting plugin AISupport
LogPluginManager: Mounting plugin LightPropagationVolume
LogPluginManager: Mounting plugin CLionSourceCodeAccess
LogPluginManager: Mounting plugin CodeLiteSourceCodeAccess
LogPluginManager: Mounting plugin GitSourceControl
LogPluginManager: Mounting plugin KDevelopSourceCodeAccess
LogPluginManager: Mounting plugin NullSourceCodeAccess
LogPluginManager: Mounting plugin PerforceSourceControl
LogPluginManager: Mounting plugin SubversionSourceControl
LogPluginManager: Mounting plugin UObjectPlugin
LogPluginManager: Mounting plugin VisualStudioCodeSourceCodeAccess
LogPluginManager: Mounting plugin VisualStudioSourceCodeAccess
LogPluginManager: Mounting plugin XCodeSourceCodeAccess
LogPluginManager: Mounting plugin AssetManagerEditor
LogPluginManager: Mounting plugin CryptoKeys
LogPluginManager: Mounting plugin DataValidation
LogPluginManager: Mounting plugin FacialAnimation
LogPluginManager: Mounting plugin GameplayTagsEditor
LogPluginManager: Mounting plugin MacGraphicsSwitching
LogPluginManager: Mounting plugin MeshEditor
LogPluginManager: Mounting plugin MobileLauncherProfileWizard
LogPluginManager: Mounting plugin PluginBrowser
LogPluginManager: Mounting plugin SpeedTreeImporter
LogPluginManager: Mounting plugin DatasmithContent
LogPluginManager: Mounting plugin AlembicImporter
LogPluginManager: Mounting plugin AppleImageUtils
LogPluginManager: Mounting plugin AppleVision
LogPluginManager: Mounting plugin BackChannel
LogPluginManager: Mounting plugin CharacterAI
LogPluginManager: Mounting plugin GeometryCache
LogPluginManager: Mounting plugin HTML5Networking
LogPluginManager: Mounting plugin ProxyLODPlugin
LogPluginManager: Mounting plugin MagicLeap
LogPluginManager: Mounting plugin MagicLeapEmulator
LogPluginManager: Mounting plugin MagicLeapMedia
LogPluginManager: Mounting plugin AndroidMedia
LogPluginManager: Mounting plugin AvfMedia
LogPluginManager: Mounting plugin ImgMedia
LogPluginManager: Mounting plugin LinearTimecode
LogPluginManager: Mounting plugin MediaCompositing
LogPluginManager: Mounting plugin MediaPlayerEditor
LogPluginManager: Mounting plugin WmfMedia
LogPluginManager: Mounting plugin TcpMessaging
LogPluginManager: Mounting plugin UdpMessaging
LogPluginManager: Mounting plugin ActorSequence
LogPluginManager: Mounting plugin LevelSequenceEditor
LogPluginManager: Mounting plugin MatineeToLevelSequence
LogPluginManager: Mounting plugin NetcodeUnitTest
LogPluginManager: Mounting plugin NUTUnrealEngine4
LogPluginManager: Mounting plugin OnlineSubsystemGooglePlay
LogPluginManager: Mounting plugin OnlineSubsystemIOS
LogPluginManager: Mounting plugin OnlineSubsystem
LogPluginManager: Mounting plugin OnlineSubsystemNull
LogPluginManager: Mounting plugin OnlineSubsystemUtils
LogPluginManager: Mounting plugin LauncherChunkInstaller
LogPluginManager: Mounting plugin AndroidDeviceProfileSelector
LogPluginManager: Mounting plugin AndroidMoviePlayer
LogPluginManager: Mounting plugin AndroidPermission
LogPluginManager: Mounting plugin AppleMoviePlayer
LogPluginManager: Mounting plugin ArchVisCharacter
LogPluginManager: Mounting plugin AudioCapture
LogPluginManager: Mounting plugin CableComponent
LogPluginManager: Mounting plugin CustomMeshComponent
LogPluginManager: Mounting plugin EditableMesh
LogPluginManager: Mounting plugin ExampleDeviceProfileSelector
LogPluginManager: Mounting plugin GoogleCloudMessaging
LogPluginManager: Mounting plugin ImmediatePhysics
LogPluginManager: Mounting plugin IOSDeviceProfileSelector
LogPluginManager: Mounting plugin LinuxDeviceProfileSelector
LogPluginManager: Mounting plugin LocationServicesBPLibrary
LogPluginManager: Mounting plugin MobilePatchingUtils
LogPluginManager: Mounting plugin OculusVR
LogPluginManager: Plugin shader directory ../../../Engine/Plugins/Runtime/Oculus/OculusVR/Shaders found
LogPluginManager: Mapping shader source directory ../../../Engine/Plugins/Runtime/Oculus/OculusVR/Shaders to virtual directory /Plugin/OculusVR
LogPluginManager: Mounting plugin PhysXVehicles
LogPluginManager: Mounting plugin ProceduralMeshComponent
LogPluginManager: Mounting plugin RuntimePhysXCooking
LogPluginManager: Mounting plugin SteamVR
LogPluginManager: Mounting plugin WindowsMoviePlayer
LogStreaming: Display: Took  0.217s to configure plugins.
LogInit: Using libcurl 7.55.1-DEV
LogInit:  - built for x86_64-pc-win32
LogInit:  - supports SSL with OpenSSL/1.0.2h
LogInit:  - supports HTTP deflate (compression) using libz 1.2.8
LogInit:  - other features:
LogInit:      CURL_VERSION_SSL
LogInit:      CURL_VERSION_LIBZ
LogInit:      CURL_VERSION_IPV6
LogInit:      CURL_VERSION_ASYNCHDNS
LogInit:      CURL_VERSION_LARGEFILE
LogInit:      CURL_VERSION_IDN
LogInit:  CurlRequestOptions (configurable via config and command line):
LogInit:  - bVerifyPeer = false  - Libcurl will NOT verify peer certificate
LogInit:  - bUseHttpProxy = false  - Libcurl will NOT use HTTP proxy
LogInit:  - bDontReuseConnections = false  - Libcurl will reuse connections
LogInit:  - CertBundlePath = nullptr  - Libcurl will use whatever was configured at build time.
LogInit:  - MaxHostConnections = 16  - Libcurl will limit the number of connections to a host
LogInit:  - LocalHostAddr = Default
LogInit:  - BufferSize = 65536
LogInit: WinSock: version 1.1 (2.2), MaxSocks=32767, MaxUdp=65467
LogInit: Build: ++UE4+Release-4.20-CL-4302132
LogInit: Engine Version: 4.20.2-4302132+++UE4+Release-4.20
LogInit: Compatible Engine Version: 4.20.0-4212847+++UE4+Release-4.20
LogInit: Net CL: 4212847
LogInit: OS: Windows 7 (Service Pack 1), CPU: AMD FX(tm)-6300 Six-Core Processor             , GPU: NVIDIA GeForce GTX 750 Ti
LogInit: Compiled (64-bit): Aug 21 2018 02:06:06
LogInit: Compiled with Visual C++: 19.13.26129.00
LogInit: Build Configuration: Development
LogInit: Branch Name: ++UE4+Release-4.20
LogInit: Command Line: 
LogInit: Base Directory: E:/logiciel/unreal engine/UE_4.20/Engine/Binaries/Win64/
LogInit: Installed Engine Build: 1
LogDevObjectVersion: Number of dev versions registered: 20
LogDevObjectVersion:   Dev-Blueprints (B0D832E4-1F89-4F0D-ACCF-7EB736FD4AA2): 10
LogDevObjectVersion:   Dev-Build (E1C64328-A22C-4D53-A36C-8E866417BD8C): 0
LogDevObjectVersion:   Dev-Core (375EC13C-06E4-48FB-B500-84F0262A717E): 2
LogDevObjectVersion:   Dev-Editor (E4B068ED-F494-42E9-A231-DA0B2E46BB41): 24
LogDevObjectVersion:   Dev-Framework (CFFC743F-43B0-4480-9391-14DF171D2073): 34
LogDevObjectVersion:   Dev-Mobile (B02B49B5-BB20-44E9-A304-32B752E40360): 2
LogDevObjectVersion:   Dev-Networking (A4E4105C-59A1-49B5-A7C5-40C4547EDFEE): 0
LogDevObjectVersion:   Dev-Online (39C831C9-5AE6-47DC-9A44-9C173E1C8E7C): 0
LogDevObjectVersion:   Dev-Physics (78F01B33-EBEA-4F98-B9B4-84EACCB95AA2): 0
LogDevObjectVersion:   Dev-Platform (6631380F-2D4D-43E0-8009-CF276956A95A): 0
LogDevObjectVersion:   Dev-Rendering (12F88B9F-8875-4AFC-A67C-D90C383ABD29): 26
LogDevObjectVersion:   Dev-Sequencer (7B5AE74C-D270-4C10-A958-57980B212A5A): 9
LogDevObjectVersion:   Dev-VR (D7296918-1DD6-4BDD-9DE2-64A83CC13884): 2
LogDevObjectVersion:   Dev-LoadTimes (C2A15278-BFE7-4AFE-6C17-90FF531DF755): 1
LogDevObjectVersion:   Private-Geometry (6EACA3D4-40EC-4CC1-B786-8BED09428FC5): 3
LogDevObjectVersion:   Dev-AnimPhys (29E575DD-E0A3-4627-9D10-D276232CDCEA): 17
LogDevObjectVersion:   Dev-ReflectionCapture (6B266CEC-1EC7-4B8F-A30B-E4D90942FC07): 1
LogDevObjectVersion:   Dev-Automation (0DF73D61-A23F-47EA-B727-89E90C41499A): 1
LogDevObjectVersion:   FortniteMain (601D1886-AC64-4F84-AA16-D3DE0DEAC7D6): 12
LogDevObjectVersion:   Dev-Enterprise (9DFFBCD6-494F-0158-E221-12823C92A888): 1
LogStreaming: Display: Took  0.001s to delete old logs.
LogInit: Presizing for max 8388607 objects, including 0 objects not considered by GC, pre-allocating 0 bytes for permanent pool.
LogInit: Object subsystem initialized
[2018.09.23-14.12.25:809][  0]LogInit: Selected Device Profile: [Windows]
[2018.09.23-14.12.25:809][  0]LogInit: Applying CVar settings loaded from the selected device profile: [Windows]
[2018.09.23-14.12.25:884][  0]LogHAL: Display: Platform has ~ 16 GB [17125650432 / 17179869184 / 16], which maps to Larger [LargestMinGB=32, LargerMinGB=12, DefaultMinGB=8, SmallerMinGB=6, SmallestMinGB=0)
[2018.09.23-14.12.25:884][  0]LogInit: Setting Device Profile CVar: [[r.Vulkan.UseRealUBs:1]]
[2018.09.23-14.12.25:885][  0]LogInit: Going up to parent DeviceProfile []
[2018.09.23-14.12.25:886][  0]LogInit: Computer: PC
[2018.09.23-14.12.25:886][  0]LogInit: User: pépé
[2018.09.23-14.12.25:886][  0]LogInit: CPU Page size=4096, Cores=3
[2018.09.23-14.12.25:886][  0]LogInit: High frequency timer resolution =3.418134 MHz
[2018.09.23-14.12.25:887][  0]LogMemory: Memory total: Physical=15.9GB (16GB approx)
[2018.09.23-14.12.25:887][  0]LogMemory: Platform Memory Stats for Windows
[2018.09.23-14.12.25:887][  0]LogMemory: Process Physical Memory: 101.51 MB used, 101.51 MB peak
[2018.09.23-14.12.25:887][  0]LogMemory: Process Virtual Memory: 86.46 MB used, 86.46 MB peak
[2018.09.23-14.12.25:887][  0]LogMemory: Physical Memory: 6854.00 MB used,  9478.29 MB free, 16332.29 MB total
[2018.09.23-14.12.25:887][  0]LogMemory: Virtual Memory: 470.30 MB used,  9478.29 MB free, 8388608.00 MB total
[2018.09.23-14.12.26:546][  0]LogInit: Overriding locale with editor locale configuration option (fr).
[2018.09.23-14.12.26:546][  0]LogInit: Overriding language with editor culture configuration option ().
[2018.09.23-14.12.26:546][  0]LogInit: Using OS detected language (fr-FR).
[2018.09.23-14.12.26:547][  0]LogTextLocalizationManager: No specific localization for 'fr-FR' exists, so the 'fr' localization will be used.
[2018.09.23-14.12.26:587][  0]LogStreaming: Display: Took  0.041s to InitEngineTextLocalization.
[2018.09.23-14.12.26:587][  0]LogWindows: Failed to load 'shcore.dll' (GetLastError=126)
[2018.09.23-14.12.26:587][  0]LogWindows: File 'shcore.dll' does not exist
[2018.09.23-14.12.26:588][  0]LogInit: Setting process to DPI aware
[2018.09.23-14.12.26:754][  0]LogSlate: New Slate User Created.  User Index 0, Is Virtual User: 0
[2018.09.23-14.12.26:754][  0]LogSlate: Slate User Registered.  User Index 0, Is Virtual User: 0
[2018.09.23-14.12.32:288][  0]LogHMD: Failed to initialize OpenVR with code 110
[2018.09.23-14.12.32:288][  0]LogD3D11RHI: D3D11 adapters:
[2018.09.23-14.12.32:372][  0]LogD3D11RHI:    0. 'NVIDIA GeForce GTX 750 Ti' (Feature Level 11_0)
[2018.09.23-14.12.32:372][  0]LogD3D11RHI:       1984/0/7910 MB DedicatedVideo/DedicatedSystem/SharedSystem, Outputs:2, VendorId:0x10de
[2018.09.23-14.12.32:372][  0]LogD3D11RHI: Chosen D3D11 Adapter: 0
[2018.09.23-14.12.32:390][  0]LogD3D11RHI: Creating new Direct3DDevice
[2018.09.23-14.12.32:390][  0]LogD3D11RHI:     GPU DeviceId: 0x1380 (for the marketing name, search the web for "GPU Device Id")
[2018.09.23-14.12.32:390][  0]LogWindows: EnumDisplayDevices:
[2018.09.23-14.12.32:391][  0]LogWindows:    0. 'NVIDIA GeForce GTX 750 Ti' (P:1 D:1)
[2018.09.23-14.12.32:391][  0]LogWindows:    1. 'NVIDIA GeForce GTX 750 Ti' (P:0 D:1)
[2018.09.23-14.12.32:392][  0]LogWindows:    2. 'NVIDIA GeForce GTX 750 Ti' (P:0 D:0)
[2018.09.23-14.12.32:393][  0]LogWindows:    3. 'NVIDIA GeForce GTX 750 Ti' (P:0 D:0)
[2018.09.23-14.12.32:393][  0]LogWindows:    4. 'RDPDD Chained DD' (P:0 D:0)
[2018.09.23-14.12.32:394][  0]LogWindows:    5. 'RDP Encoder Mirror Driver' (P:0 D:0)
[2018.09.23-14.12.32:394][  0]LogWindows:    6. 'RDP Reflector Display Driver' (P:0 D:0)
[2018.09.23-14.12.32:395][  0]LogWindows: DebugString: GetVideoDriverDetailsInvalid PrimaryIsNotTheChoosenAdapter GetVideoDriverDetailsInvalid PrimaryIsNotTheChoosenAdapter GetVideoDriverDetailsInvalid PrimaryIsNotTheChoosenAdapter FoundDriverCount:4 
[2018.09.23-14.12.32:395][  0]LogD3D11RHI:     Adapter Name: NVIDIA GeForce GTX 750 Ti
[2018.09.23-14.12.32:395][  0]LogD3D11RHI:   Driver Version: 411.63 (internal:24.21.14.1163, unified:411.63)
[2018.09.23-14.12.32:395][  0]LogD3D11RHI:      Driver Date: 9-18-2018
[2018.09.23-14.12.32:395][  0]LogRHI: Texture pool is 1388 MB (70% of 1984 MB)
[2018.09.23-14.12.32:452][  0]LogD3D11RHI: Async texture creation enabled
[2018.09.23-14.12.32:479][  0]LogD3D11RHI: GPU Timing Frequency: 1000.000000 (Debug: 2 2)
[2018.09.23-14.12.32:547][  0]LogShaderCompilers: Guid format shader working directory is -15 characters bigger than the processId version (B:/UNREAL PROJECT/PROJECT TEST/SPSA/Unreal/proto_shooter_TPS/Intermediate/Shaders/WorkingDirectory/5212/).
[2018.09.23-14.12.32:548][  0]LogShaderCompilers: Cleaned the shader compiler working directory 'C:/Users/pépé/AppData/Local/Temp/UnrealShaderWorkingDir/115A85484C8237BAF52421A84A2F0E6B/'.
[2018.09.23-14.12.33:849][  0]LogTemp: Display: Loaded TP AllDesktopTargetPlatform
[2018.09.23-14.12.33:927][  0]LogTemp: Display: Loaded TP MacClientTargetPlatform
[2018.09.23-14.12.34:018][  0]LogTemp: Display: Loaded TP MacNoEditorTargetPlatform
[2018.09.23-14.12.34:100][  0]LogTemp: Display: Loaded TP MacServerTargetPlatform
[2018.09.23-14.12.34:189][  0]LogTemp: Display: Loaded TP MacTargetPlatform
[2018.09.23-14.12.34:257][  0]LogTemp: Display: Loaded TP WindowsClientTargetPlatform
[2018.09.23-14.12.34:354][  0]LogTemp: Display: Loaded TP WindowsNoEditorTargetPlatform
[2018.09.23-14.12.34:422][  0]LogTemp: Display: Loaded TP WindowsServerTargetPlatform
[2018.09.23-14.12.34:465][  0]LogTemp: Display: Loaded TP WindowsTargetPlatform
[2018.09.23-14.12.34:803][  0]LogTemp: Display: Loaded TP AndroidTargetPlatform
[2018.09.23-14.12.34:803][  0]LogTemp: Display: Loaded TP AndroidTargetPlatform
[2018.09.23-14.12.34:803][  0]LogTemp: Display: Loaded TP AndroidTargetPlatform
[2018.09.23-14.12.34:803][  0]LogTemp: Display: Loaded TP AndroidTargetPlatform
[2018.09.23-14.12.34:803][  0]LogTemp: Display: Loaded TP AndroidTargetPlatform
[2018.09.23-14.12.34:803][  0]LogTemp: Display: Loaded TP AndroidTargetPlatform
[2018.09.23-14.12.34:803][  0]LogTemp: Display: Loaded TP AndroidTargetPlatform
[2018.09.23-14.12.34:803][  0]LogTemp: Display: Loaded TP AndroidTargetPlatform
[2018.09.23-14.12.34:803][  0]LogTemp: Display: Loaded TP AndroidTargetPlatform
[2018.09.23-14.12.34:803][  0]LogTemp: Display: Loaded TP AndroidTargetPlatform
[2018.09.23-14.12.34:803][  0]LogTemp: Display: Loaded TP AndroidTargetPlatform
[2018.09.23-14.12.34:803][  0]LogTemp: Display: Loaded TP AndroidTargetPlatform
[2018.09.23-14.12.34:803][  0]LogTemp: Display: Loaded TP AndroidTargetPlatform
[2018.09.23-14.12.34:803][  0]LogTemp: Display: Loaded TP AndroidTargetPlatform
[2018.09.23-14.12.34:803][  0]LogTemp: Display: Loaded TP AndroidTargetPlatform
[2018.09.23-14.12.34:803][  0]LogTemp: Display: Loaded TP AndroidTargetPlatform
[2018.09.23-14.12.34:803][  0]LogTemp: Display: Loaded TP AndroidTargetPlatform
[2018.09.23-14.12.34:803][  0]LogTemp: Display: Loaded TP AndroidTargetPlatform
[2018.09.23-14.12.34:830][  0]LogTemp: Display: Loaded TP HTML5TargetPlatform
[2018.09.23-14.12.35:062][  0]LogTemp: Display: Loaded TP IOSTargetPlatform
[2018.09.23-14.12.35:062][  0]LogTemp: Display: Loaded TP IOSTargetPlatform
[2018.09.23-14.12.35:197][  0]LogTemp: Display: Loaded TP TVOSTargetPlatform
[2018.09.23-14.12.35:197][  0]LogTemp: Display: Loaded TP TVOSTargetPlatform
[2018.09.23-14.12.35:272][  0]LogTemp: Display: Loaded TP LinuxClientTargetPlatform
[2018.09.23-14.12.35:353][  0]LogTemp: Display: Loaded TP LinuxNoEditorTargetPlatform
[2018.09.23-14.12.35:418][  0]LogTemp: Display: Loaded TP LinuxServerTargetPlatform
[2018.09.23-14.12.35:506][  0]LogTemp: Display: Loaded TP LinuxTargetPlatform
[2018.09.23-14.12.35:561][  0]LogTemp: Display: Loaded TP LuminTargetPlatform
[2018.09.23-14.12.35:561][  0]LogTargetPlatformManager: Display: Building Assets For Windows
[2018.09.23-14.12.36:249][  0]LogXGEController: Cannot use XGE Controller as Incredibuild is not installed on this machine.
[2018.09.23-14.12.36:249][  0]LogShaderCompilers: Cannot use XGE Shader Compiler as Incredibuild is not installed on this machine.
[2018.09.23-14.12.36:249][  0]LogShaderCompilers: Display: Using Local Shader Compiler.
[2018.09.23-14.12.40:949][  0]LogDerivedDataCache: Display: Max Cache Size: 512 MB
[2018.09.23-14.12.41:157][  0]LogDerivedDataCache: Loaded boot cache 0.21s 71MB C:/Users/pépé/AppData/Local/UnrealEngine/4.20/DerivedDataCache/Boot.ddc.
[2018.09.23-14.12.41:158][  0]LogDerivedDataCache: Display: Loaded Boot cache: C:/Users/pépé/AppData/Local/UnrealEngine/4.20/DerivedDataCache/Boot.ddc
[2018.09.23-14.12.41:158][  0]LogDerivedDataCache: FDerivedDataBackendGraph:  Pak pak cache file B:/UNREAL PROJECT/PROJECT TEST/SPSA/Unreal/proto_shooter_TPS/DerivedDataCache/DDC.ddp not found, will not use a pak cache.
[2018.09.23-14.12.41:158][  0]LogDerivedDataCache: Unable to find inner node Pak for hierarchical cache Hierarchy.
[2018.09.23-14.12.41:159][  0]LogDerivedDataCache: FDerivedDataBackendGraph:  CompressedPak pak cache file B:/UNREAL PROJECT/PROJECT TEST/SPSA/Unreal/proto_shooter_TPS/DerivedDataCache/Compressed.ddp not found, will not use a pak cache.
[2018.09.23-14.12.41:159][  0]LogDerivedDataCache: Unable to find inner node CompressedPak for hierarchical cache Hierarchy.
[2018.09.23-14.12.41:212][  0]LogDerivedDataCache: Display: Pak cache opened for reading ../../../Engine/DerivedDataCache/Compressed.ddp.
[2018.09.23-14.12.41:225][  0]LogDerivedDataCache: Using Local data cache path C:/Users/pépé/AppData/Local/UnrealEngine/Common/DerivedDataCache: Writable
[2018.09.23-14.12.41:225][  0]LogDerivedDataCache: Shared data cache path not found in *engine.ini, will not use an Shared cache.
[2018.09.23-14.12.41:225][  0]LogDerivedDataCache: Unable to find inner node Shared for hierarchical cache Hierarchy.
[2018.09.23-14.12.41:289][  0]LogMaterial: Verifying Global Shaders for PCD3D_SM5
[2018.09.23-14.12.41:292][  0]LogSlate: Using FreeType 2.6.0
[2018.09.23-14.12.41:326][  0]LogSlate: SlateFontServices - WITH_FREETYPE: 1, WITH_HARFBUZZ: 1
[2018.09.23-14.12.41:831][  0]LogAssetRegistry: FAssetRegistry took 0.0383 seconds to start up
[2018.09.23-14.12.43:044][  0]LogInit: Selected Device Profile: [Windows]
[2018.09.23-14.12.43:871][  0]LogSimplygon: Simplygon DLL not present - disabling.
[2018.09.23-14.12.43:939][  0]LogMeshReduction: Using SimplygonSwarm for distributed automatic mesh merging
[2018.09.23-14.12.43:939][  0]LogMeshReduction: Using ProxyLODMeshReduction for automatic mesh merging
[2018.09.23-14.12.43:939][  0]LogMeshReduction: Using QuadricMeshReduction for automatic static mesh reduction
[2018.09.23-14.12.43:939][  0]LogMeshReduction: No automatic skeletal mesh reduction module available
[2018.09.23-14.12.44:004][  0]LogNetVersion: proto_shooter_TPS 1.0.0, NetCL: 4212847, EngineNetVer: 5, GameNetVer: 0 (Checksum: 622735434)
[2018.09.23-14.12.45:300][  0]LogPackageLocalizationCache: Processed 11 localized package path(s) for 2 prioritized culture(s) in 0.226848 seconds
[2018.09.23-14.12.45:317][  0]LogUObjectArray: 38425 objects as part of root set at end of initial load.
[2018.09.23-14.12.45:317][  0]LogUObjectAllocator: 6690864 out of 0 bytes used by permanent object pool.
[2018.09.23-14.12.45:317][  0]LogUObjectArray: CloseDisregardForGC: 0/0 objects in disregard for GC pool
[2018.09.23-14.12.51:896][  0]LogTcpMessaging: Initializing TcpMessaging bridge
[2018.09.23-14.12.51:936][  0]LogUdpMessaging: Initializing bridge on interface 0.0.0.0:0 to multicast group 230.0.0.1:6666.
[2018.09.23-14.12.52:904][  0]SourceControl: Source control is disabled
[2018.09.23-14.12.52:905][  0]SourceControl: Source control is disabled
[2018.09.23-14.12.52:950][  0]SourceControl: Source control is disabled
[2018.09.23-14.12.52:993][  0]SourceControl: Source control is disabled
[2018.09.23-14.12.54:470][  0]LogAndroidPermission: UAndroidPermissionCallbackProxy::GetInstance
[2018.09.23-14.12.55:111][  0]LogOcInput: OculusInput pre-init called
[2018.09.23-14.12.55:393][  0]LogEngine: Initializing Engine...
[2018.09.23-14.12.55:395][  0]LogHMD: Failed to initialize OpenVR with code 110
[2018.09.23-14.12.55:399][  0]LogStats: UGameplayTagsManager::ConstructGameplayTagTree: ImportINI prefixes -  0.000 s
[2018.09.23-14.12.55:399][  0]LogStats: UGameplayTagsManager::ConstructGameplayTagTree: Construct from data asset -  0.000 s
[2018.09.23-14.12.55:399][  0]LogStats: UGameplayTagsManager::ConstructGameplayTagTree: ImportINI -  0.000 s
[2018.09.23-14.12.55:399][  0]LogStats: UGameplayTagsManager::ConstructGameplayTagTree: GameplayTagTreeChangedEvent.Broadcast -  0.000 s
[2018.09.23-14.12.55:998][  0]LogInit: Initializing FReadOnlyCVARCache
[2018.09.23-14.12.56:064][  0]LogAIModule: Creating AISystem for world Untitled
[2018.09.23-14.12.56:148][  0]LogInit: XAudio2 using 'Ligne (5- AG06/AG03)' : 2 channels at 44.1 kHz using 24 bits per sample (channel mask 0x3)
[2018.09.23-14.12.56:161][  0]LogInit: FAudioDevice initialized.
[2018.09.23-14.12.56:162][  0]LogNetVersion: Set ProjectVersion to 1.0.0.0. Version Checksum will be recalculated on next use.
[2018.09.23-14.12.56:346][  0]LogDerivedDataCache: Saved boot cache 0.18s 71MB C:/Users/pépé/AppData/Local/UnrealEngine/4.20/DerivedDataCache/Boot.ddc.
[2018.09.23-14.12.56:370][  0]LogInit: Texture streaming: Enabled
[2018.09.23-14.12.56:504][  0]LogEngineSessionManager: EngineSessionManager initialized
[2018.09.23-14.12.56:570][  0]LogInit: Transaction tracking system initialized
[2018.09.23-14.12.56:743][  0]BlueprintLog: New page: Editor Load
[2018.09.23-14.12.57:461][  0]LocalizationService: Localization service is disabled
[2018.09.23-14.12.58:820][  0]LogCook: Display: Max memory allowance for cook 16384mb min free memory 0mb
[2018.09.23-14.12.58:820][  0]LogCook: Display: Mobile HDR setting 1
[2018.09.23-14.12.58:820][  0]LogGameplayTags: Display: UGameplayTagsManager::DoneAddingNativeTags. DelegateIsBound: 0
[2018.09.23-14.12.58:820][  0]LogStats: UGameplayTagsManager::ConstructGameplayTagTree: ImportINI prefixes -  0.000 s
[2018.09.23-14.12.58:820][  0]LogStats: UGameplayTagsManager::ConstructGameplayTagTree: Construct from data asset -  0.000 s
[2018.09.23-14.12.58:820][  0]LogStats: UGameplayTagsManager::ConstructGameplayTagTree: ImportINI -  0.000 s
[2018.09.23-14.12.58:821][  0]LogStats: UGameplayTagsManager::ConstructGameplayTagTree: GameplayTagTreeChangedEvent.Broadcast -  0.000 s
[2018.09.23-14.12.59:385][  0]LogFileCache: Scanning file cache for directory 'B:/UNREAL PROJECT/PROJECT TEST/SPSA/Unreal/proto_shooter_TPS/Content/' took 0.03s
[2018.09.23-14.12.59:860][  0]SourceControl: Source control is disabled
[2018.09.23-14.13.00:008][  0]LogSlate: Took 0.009509 seconds to synchronously load lazily loaded font '../../../Engine/Content/Slate/Fonts/Roboto-Regular.ttf' (155K)
[2018.09.23-14.15.31:675][  0]LogSlate: Window 'Restore Packages' being destroyed
[2018.09.23-14.15.31:738][  0]LogWindowsTextInputMethodSystem: Display: IME system now deactivated.
[2018.09.23-14.15.40:608][  0]LogSlate: Window 'Unable to Check Out From Source Control!' being destroyed
[2018.09.23-14.15.40:843][  0]LogWindowsTextInputMethodSystem: Display: IME system now deactivated.
[2018.09.23-14.15.40:851][  0]Cmd: MAP LOAD FILE="B:/UNREAL PROJECT/PROJECT TEST/SPSA/Unreal/proto_shooter_TPS/Content/ThirdPersonBP/Maps/ThirdPersonExampleMap.umap" TEMPLATE=0 SHOWPROGRESS=1 FEATURELEVEL=3
[2018.09.23-14.15.40:852][  0]LightingResults: New page: Lighting Build
[2018.09.23-14.15.40:857][  0]MapCheck: New page: Map Check
[2018.09.23-14.15.40:857][  0]LightingResults: New page: Lighting Build
[2018.09.23-14.15.41:877][  0]LogTexture: Display: Building textures: HQ_Lightmap1_10 (AutoDXT, 128X128)
[2018.09.23-14.15.41:878][  0]LogTexture: Display: Building textures: HQ_Lightmap1_11 (AutoDXT, 128X128)
[2018.09.23-14.15.41:878][  0]LogTexture: Display: Building textures: HQ_Lightmap1_12 (AutoDXT, 64X64)
[2018.09.23-14.15.41:878][  0]LogTexture: Display: Building textures: HQ_Lightmap1_1 (AutoDXT, 1024X1024)
[2018.09.23-14.15.41:878][  0]LogTexture: Display: Building textures: HQ_Lightmap1_13 (AutoDXT, 64X64)
[2018.09.23-14.15.41:878][  0]LogTexture: Display: Building textures: HQ_Lightmap1_14 (AutoDXT, 64X64)
[2018.09.23-14.15.41:878][  0]LogTexture: Display: Building textures: HQ_Lightmap1_15 (AutoDXT, 64X64)
[2018.09.23-14.15.41:878][  0]LogTexture: Display: Building textures: HQ_Lightmap1_16 (AutoDXT, 64X64)
[2018.09.23-14.15.41:878][  0]LogTexture: Display: Building textures: HQ_Lightmap1_17 (AutoDXT, 64X64)
[2018.09.23-14.15.41:878][  0]LogTexture: Display: Building textures: HQ_Lightmap1_18 (AutoDXT, 64X64)
[2018.09.23-14.15.41:878][  0]LogTexture: Display: Building textures: HQ_Lightmap1_19 (AutoDXT, 64X64)
[2018.09.23-14.15.41:878][  0]LogTexture: Display: Building textures: HQ_Lightmap1_20 (AutoDXT, 64X64)
[2018.09.23-14.15.41:879][  0]LogTexture: Display: Building textures: HQ_Lightmap1_22 (AutoDXT, 64X64)
[2018.09.23-14.15.41:879][  0]LogTexture: Display: Building textures: HQ_Lightmap1_21 (AutoDXT, 64X64)
[2018.09.23-14.15.41:879][  0]LogTexture: Display: Building textures: HQ_Lightmap1_23 (AutoDXT, 64X64)
[2018.09.23-14.15.41:879][  0]LogTexture: Display: Building textures: HQ_Lightmap1_24 (AutoDXT, 64X64)
[2018.09.23-14.15.41:879][  0]LogTexture: Display: Building textures: HQ_Lightmap1_25 (AutoDXT, 64X64)
[2018.09.23-14.15.41:879][  0]LogTexture: Display: Building textures: HQ_Lightmap1_26 (AutoDXT, 64X64)
[2018.09.23-14.15.41:879][  0]LogTexture: Display: Building textures: HQ_Lightmap1_27 (AutoDXT, 64X64)
[2018.09.23-14.15.41:879][  0]LogTexture: Display: Building textures: HQ_Lightmap1_2 (AutoDXT, 1024X1024)
[2018.09.23-14.15.41:879][  0]LogTexture: Display: Building textures: HQ_Lightmap1_3 (AutoDXT, 512X512)
[2018.09.23-14.15.41:879][  0]LogTexture: Display: Building textures: HQ_Lightmap1_4 (AutoDXT, 512X512)
[2018.09.23-14.15.42:251][  0]LogTexture: Display: Building textures: HQ_Lightmap1_5 (AutoDXT, 512X512)
[2018.09.23-14.15.43:043][  0]LogTexture: Display: Building textures: HQ_Lightmap1_6 (AutoDXT, 512X512)
[2018.09.23-14.15.43:043][  0]LogTexture: Display: Building textures: HQ_Lightmap1_7 (AutoDXT, 512X512)
[2018.09.23-14.15.43:043][  0]LogTexture: Display: Building textures: HQ_Lightmap1_8 (AutoDXT, 128X128)
[2018.09.23-14.15.43:043][  0]LogTexture: Display: Building textures: HQ_Lightmap1_9 (AutoDXT, 128X128)
[2018.09.23-14.15.43:043][  0]LogTexture: Display: Building textures: LQ_Lightmap_1_1 (DXT1, 1024X1024)
[2018.09.23-14.15.44:572][  0]LogTexture: Display: Building textures: LQ_Lightmap_1_10 (DXT1, 128X128)
[2018.09.23-14.15.44:572][  0]LogTexture: Display: Building textures: LQ_Lightmap_1_11 (DXT1, 128X128)
[2018.09.23-14.15.44:572][  0]LogTexture: Display: Building textures: LQ_Lightmap_1_12 (DXT1, 64X64)
[2018.09.23-14.15.44:572][  0]LogTexture: Display: Building textures: LQ_Lightmap_1_13 (DXT1, 64X64)
[2018.09.23-14.15.44:572][  0]LogTexture: Display: Building textures: LQ_Lightmap_1_14 (DXT1, 64X64)
[2018.09.23-14.15.44:572][  0]LogTexture: Display: Building textures: LQ_Lightmap_1_15 (DXT1, 64X64)
[2018.09.23-14.15.44:572][  0]LogTexture: Display: Building textures: LQ_Lightmap_1_16 (DXT1, 64X64)
[2018.09.23-14.15.44:572][  0]LogTexture: Display: Building textures: LQ_Lightmap_1_17 (DXT1, 64X64)
[2018.09.23-14.15.44:572][  0]LogTexture: Display: Building textures: LQ_Lightmap_1_18 (DXT1, 64X64)
[2018.09.23-14.15.44:572][  0]LogTexture: Display: Building textures: LQ_Lightmap_1_19 (DXT1, 64X64)
[2018.09.23-14.15.44:572][  0]LogTexture: Display: Building textures: LQ_Lightmap_1_2 (DXT1, 1024X1024)
[2018.09.23-14.15.44:572][  0]LogTexture: Display: Building textures: LQ_Lightmap_1_20 (DXT1, 64X64)
[2018.09.23-14.15.44:572][  0]LogTexture: Display: Building textures: LQ_Lightmap_1_21 (DXT1, 64X64)
[2018.09.23-14.15.44:573][  0]LogTexture: Display: Building textures: LQ_Lightmap_1_22 (DXT1, 64X64)
[2018.09.23-14.15.44:573][  0]LogTexture: Display: Building textures: LQ_Lightmap_1_23 (DXT1, 64X64)
[2018.09.23-14.15.44:573][  0]LogTexture: Display: Building textures: LQ_Lightmap_1_24 (DXT1, 64X64)
[2018.09.23-14.15.44:573][  0]LogTexture: Display: Building textures: LQ_Lightmap_1_25 (DXT1, 64X64)
[2018.09.23-14.15.44:573][  0]LogTexture: Display: Building textures: LQ_Lightmap_1_26 (DXT1, 64X64)
[2018.09.23-14.15.44:573][  0]LogTexture: Display: Building textures: LQ_Lightmap_1_27 (DXT1, 64X64)
[2018.09.23-14.15.44:573][  0]LogTexture: Display: Building textures: LQ_Lightmap_1_3 (DXT1, 512X512)
[2018.09.23-14.15.44:573][  0]LogTexture: Display: Building textures: LQ_Lightmap_1_4 (DXT1, 512X512)
[2018.09.23-14.15.44:573][  0]LogTexture: Display: Building textures: LQ_Lightmap_1_5 (DXT1, 512X512)
[2018.09.23-14.15.45:969][  0]LogTexture: Display: Building textures: LQ_Lightmap_1_6 (DXT1, 512X512)
[2018.09.23-14.15.45:969][  0]LogTexture: Display: Building textures: LQ_Lightmap_1_7 (DXT1, 512X512)
[2018.09.23-14.15.45:969][  0]LogTexture: Display: Building textures: LQ_Lightmap_1_8 (DXT1, 128X128)
[2018.09.23-14.15.45:969][  0]LogTexture: Display: Building textures: LQ_Lightmap_1_9 (DXT1, 128X128)
[2018.09.23-14.15.45:969][  0]LogTexture: Display: Building textures: SkyOcclusion1_1 (AutoDXT, 1024X512)
[2018.09.23-14.15.45:969][  0]LogTexture: Display: Building textures: SkyOcclusion1_10 (AutoDXT, 128X64)
[2018.09.23-14.15.45:969][  0]LogTexture: Display: Building textures: SkyOcclusion1_11 (AutoDXT, 128X64)
[2018.09.23-14.15.45:969][  0]LogTexture: Display: Building textures: SkyOcclusion1_12 (AutoDXT, 64X32)
[2018.09.23-14.15.45:969][  0]LogTexture: Display: Building textures: SkyOcclusion1_13 (AutoDXT, 64X32)
[2018.09.23-14.15.45:969][  0]LogTexture: Display: Building textures: SkyOcclusion1_14 (AutoDXT, 64X32)
[2018.09.23-14.15.45:969][  0]LogTexture: Display: Building textures: SkyOcclusion1_15 (AutoDXT, 64X32)
[2018.09.23-14.15.45:969][  0]LogTexture: Display: Building textures: SkyOcclusion1_16 (AutoDXT, 64X32)
[2018.09.23-14.15.45:969][  0]LogTexture: Display: Building textures: SkyOcclusion1_17 (AutoDXT, 64X32)
[2018.09.23-14.15.45:969][  0]LogTexture: Display: Building textures: SkyOcclusion1_18 (AutoDXT, 64X32)
[2018.09.23-14.15.45:969][  0]LogTexture: Display: Building textures: SkyOcclusion1_19 (AutoDXT, 64X32)
[2018.09.23-14.15.45:969][  0]LogTexture: Display: Building textures: SkyOcclusion1_2 (AutoDXT, 1024X512)
[2018.09.23-14.15.45:970][  0]LogTexture: Display: Building textures: SkyOcclusion1_20 (AutoDXT, 64X32)
[2018.09.23-14.15.45:970][  0]LogTexture: Display: Building textures: SkyOcclusion1_21 (AutoDXT, 64X32)
[2018.09.23-14.15.45:970][  0]LogTexture: Display: Building textures: SkyOcclusion1_22 (AutoDXT, 64X32)
[2018.09.23-14.15.45:970][  0]LogTexture: Display: Building textures: SkyOcclusion1_23 (AutoDXT, 64X32)
[2018.09.23-14.15.45:970][  0]LogTexture: Display: Building textures: SkyOcclusion1_24 (AutoDXT, 64X32)
[2018.09.23-14.15.45:970][  0]LogTexture: Display: Building textures: SkyOcclusion1_25 (AutoDXT, 64X32)
[2018.09.23-14.15.45:970][  0]LogTexture: Display: Building textures: SkyOcclusion1_26 (AutoDXT, 64X32)
[2018.09.23-14.15.45:970][  0]LogTexture: Display: Building textures: SkyOcclusion1_27 (AutoDXT, 64X32)
[2018.09.23-14.15.45:970][  0]LogTexture: Display: Building textures: SkyOcclusion1_3 (AutoDXT, 512X256)
[2018.09.23-14.15.45:970][  0]LogTexture: Display: Building textures: SkyOcclusion1_4 (AutoDXT, 512X256)
[2018.09.23-14.15.45:970][  0]LogTexture: Display: Building textures: SkyOcclusion1_5 (AutoDXT, 512X256)
[2018.09.23-14.15.46:972][  0]LogTexture: Display: Building textures: SkyOcclusion1_6 (AutoDXT, 512X256)
[2018.09.23-14.15.46:972][  0]LogTexture: Display: Building textures: SkyOcclusion1_7 (AutoDXT, 512X256)
[2018.09.23-14.15.46:972][  0]LogTexture: Display: Building textures: SkyOcclusion1_8 (AutoDXT, 128X64)
[2018.09.23-14.15.46:972][  0]LogTexture: Display: Building textures: SkyOcclusion1_9 (AutoDXT, 128X64)
[2018.09.23-14.15.46:972][  0]LogTexture: Display: Building textures: ShadowMapTexture2D_26 (G8, 1024X512)
[2018.09.23-14.15.46:972][  0]LogTexture: Display: Building textures: ShadowMapTexture2D_27 (G8, 1024X512)
[2018.09.23-14.15.46:972][  0]LogTexture: Display: Building textures: ShadowMapTexture2D_28 (G8, 512X256)
[2018.09.23-14.15.46:972][  0]LogTexture: Display: Building textures: ShadowMapTexture2D_29 (G8, 256X256)
[2018.09.23-14.15.46:972][  0]LogTexture: Display: Building textures: ShadowMapTexture2D_30 (G8, 256X256)
[2018.09.23-14.15.46:972][  0]LogTexture: Display: Building textures: ShadowMapTexture2D_31 (G8, 256X256)
[2018.09.23-14.15.46:972][  0]LogTexture: Display: Building textures: ShadowMapTexture2D_32 (G8, 64X64)
[2018.09.23-14.15.46:972][  0]LogTexture: Display: Building textures: ShadowMapTexture2D_33 (G8, 64X64)
[2018.09.23-14.15.46:972][  0]LogTexture: Display: Building textures: ShadowMapTexture2D_34 (G8, 64X64)
[2018.09.23-14.15.46:972][  0]LogTexture: Display: Building textures: ShadowMapTexture2D_35 (G8, 64X64)
[2018.09.23-14.15.46:973][  0]LogTexture: Display: Building textures: ShadowMapTexture2D_36 (G8, 32X32)
[2018.09.23-14.15.46:973][  0]LogTexture: Display: Building textures: ShadowMapTexture2D_37 (G8, 32X32)
[2018.09.23-14.15.46:973][  0]LogTexture: Display: Building textures: ShadowMapTexture2D_38 (G8, 32X32)
[2018.09.23-14.15.46:973][  0]LogTexture: Display: Building textures: ShadowMapTexture2D_39 (G8, 32X32)
[2018.09.23-14.15.46:973][  0]LogTexture: Display: Building textures: ShadowMapTexture2D_40 (G8, 32X32)
[2018.09.23-14.15.46:973][  0]LogTexture: Display: Building textures: ShadowMapTexture2D_41 (G8, 32X32)
[2018.09.23-14.15.46:973][  0]LogTexture: Display: Building textures: ShadowMapTexture2D_42 (G8, 32X32)
[2018.09.23-14.15.46:973][  0]LogTexture: Display: Building textures: ShadowMapTexture2D_43 (G8, 32X32)
[2018.09.23-14.15.46:973][  0]LogTexture: Display: Building textures: ShadowMapTexture2D_44 (G8, 32X32)
[2018.09.23-14.15.46:973][  0]LogTexture: Display: Building textures: ShadowMapTexture2D_45 (G8, 32X32)
[2018.09.23-14.15.46:973][  0]LogTexture: Display: Building textures: ShadowMapTexture2D_46 (G8, 32X32)
[2018.09.23-14.15.46:973][  0]LogTexture: Display: Building textures: ShadowMapTexture2D_47 (G8, 32X32)
[2018.09.23-14.15.46:973][  0]LogTexture: Display: Building textures: ShadowMapTexture2D_48 (G8, 32X32)
[2018.09.23-14.15.46:973][  0]LogTexture: Display: Building textures: ShadowMapTexture2D_49 (G8, 32X32)
[2018.09.23-14.15.46:973][  0]LogTexture: Display: Building textures: ShadowMapTexture2D_50 (G8, 32X32)
[2018.09.23-14.15.46:973][  0]LogTexture: Display: Building textures: ShadowMapTexture2D_51 (G8, 32X32)
[2018.09.23-14.15.46:973][  0]LogAIModule: Creating AISystem for world ThirdPersonExampleMap
[2018.09.23-14.15.47:054][  0]LogEditorServer: Finished looking for orphan Actors (0.000 secs)
[2018.09.23-14.15.47:152][  0]Cmd: MAP CHECKDEP NOCLEARLOG
[2018.09.23-14.15.47:279][  0]MapCheck: Map check complete: 0 Error(s), 0 Warning(s), took 126,688ms to complete.
[2018.09.23-14.15.47:280][  0]LogFileHelpers: Loading map 'ThirdPersonExampleMap' took 6.428
[2018.09.23-14.15.47:482][  0]LogSlate: Updating window title bar state: overlay mode, drag disabled, window buttons hidden, title bar hidden
[2018.09.23-14.15.47:503][  0]LogSlate: Updating window title bar state: overlay mode, drag disabled, window buttons hidden, title bar hidden
[2018.09.23-14.15.47:524][  0]LogSlate: Updating window title bar state: overlay mode, drag disabled, window buttons hidden, title bar hidden
[2018.09.23-14.15.47:547][  0]LogSlate: Updating window title bar state: overlay mode, drag disabled, window buttons hidden, title bar hidden
[2018.09.23-14.15.47:597][  0]LogCollectionManager: Loaded 0 collections in 0.002588 seconds
[2018.09.23-14.15.47:672][  0]LogFileCache: Scanning file cache for directory 'B:/UNREAL PROJECT/PROJECT TEST/SPSA/Unreal/proto_shooter_TPS/Saved/Collections/' took 0.01s
[2018.09.23-14.15.47:672][  0]LogFileCache: Scanning file cache for directory 'B:/UNREAL PROJECT/PROJECT TEST/SPSA/Unreal/proto_shooter_TPS/Content/Developers/pépé/Collections/' took 0.01s
[2018.09.23-14.15.47:672][  0]LogFileCache: Scanning file cache for directory 'B:/UNREAL PROJECT/PROJECT TEST/SPSA/Unreal/proto_shooter_TPS/Content/Collections/' took 0.01s
[2018.09.23-14.15.47:672][  0]LogCollectionManager: Rebuilt the GUID cache for 0 collections in 0.000000 seconds
[2018.09.23-14.15.47:706][  0]LogContentBrowser: Native class hierarchy populated in 0.0336 seconds. Added 2572 classes and 603 folders.
[2018.09.23-14.15.47:722][  0]LogContentBrowser: Native class hierarchy updated for 'WidgetCarousel' in 0.0006 seconds. Added 0 classes and 0 folders.
[2018.09.23-14.15.48:398][  0]LogContentBrowser: Native class hierarchy updated for 'AddContentDialog' in 0.0006 seconds. Added 0 classes and 0 folders.
[2018.09.23-14.15.48:433][  0]LogContentBrowser: Native class hierarchy updated for 'SceneOutliner' in 0.0006 seconds. Added 1 classes and 2 folders.
[2018.09.23-14.15.48:477][  0]LogSlate: Took 0.010147 seconds to synchronously load lazily loaded font '../../../Engine/Content/Slate/Fonts/Roboto-Bold.ttf' (160K)
[2018.09.23-14.15.48:503][  0]LogSlate: Took 0.012193 seconds to synchronously load lazily loaded font '../../../Engine/Content/Editor/Slate/Fonts/FontAwesome.ttf' (139K)
[2018.09.23-14.15.48:711][  0]LogRenderer: Reallocating scene render targets to support 1192x576 Format 10 NumSamples 1 (Frame:1).
[2018.09.23-14.15.49:009][  0]LogContentBrowser: Native class hierarchy updated for 'HierarchicalLODOutliner' in 0.0007 seconds. Added 0 classes and 0 folders.
[2018.09.23-14.15.49:009][  0]LogLoad: (Engine Initialization) Total time: 210.14 seconds
[2018.09.23-14.15.49:009][  0]LogLoad: (Engine Initialization) Total Blueprint compile time: 0.00 seconds
[2018.09.23-14.15.49:059][  0]LogContentStreaming: Texture pool size now 1000 MB
[2018.09.23-14.15.49:094][  0]LogSlate: Took 0.000358 seconds to synchronously load lazily loaded font '../../../Engine/Content/Slate/Fonts/Roboto-Light.ttf' (167K)
[2018.09.23-14.15.49:520][  4]LogAssetRegistry: Asset discovery search completed in 187.7062 seconds
[2018.09.23-14.15.49:525][  4]LogCollectionManager: Rebuilt the object cache for 0 collections in 0.000001 seconds (found 0 objects)
[2018.09.23-14.15.49:525][  4]LogCollectionManager: Fixed up redirectors for 0 collections in 0.000110 seconds (updated 0 objects)
[2018.09.23-14.15.50:127][ 29]LogSlate: Took 0.000362 seconds to synchronously load lazily loaded font '../../../Engine/Content/Slate/Fonts/Roboto-Light.ttf' (167K)
[2018.09.23-14.16.59:713][ 19]LogSlate: FSceneViewport::OnFocusLost() reason 0
[2018.09.23-14.16.59:800][ 27]LogTemp: Repeating last play command: Selected Viewport
[2018.09.23-14.16.59:849][ 27]LogBlueprintUserMessages: Early PlayInEditor Detection: Level '/Game/ThirdPersonBP/Maps/ThirdPersonExampleMap.ThirdPersonExampleMap:PersistentLevel' has LevelScriptBlueprint '/Game/ThirdPersonBP/Maps/ThirdPersonExampleMap.ThirdPersonExampleMap:PersistentLevel.ThirdPersonExampleMap' with GeneratedClass '/Game/ThirdPersonBP/Maps/ThirdPersonExampleMap.ThirdPersonExampleMap_C' with ClassGeneratedBy '/Game/ThirdPersonBP/Maps/ThirdPersonExampleMap.ThirdPersonExampleMap:PersistentLevel.ThirdPersonExampleMap'
[2018.09.23-14.16.59:850][ 27]LogPlayLevel: PlayLevel: No blueprints needed recompiling
[2018.09.23-14.16.59:863][ 27]PIE: New page: PIE session: ThirdPersonExampleMap (23 sept. 2018 18:16:59)
[2018.09.23-14.16.59:863][ 27]LogPlayLevel: Creating play world package: /Game/ThirdPersonBP/Maps/UEDPIE_0_ThirdPersonExampleMap
[2018.09.23-14.17.00:027][ 27]LogPlayLevel: PIE: StaticDuplicateObject took: (0.164293s)
[2018.09.23-14.17.00:030][ 27]LogAIModule: Creating AISystem for world ThirdPersonExampleMap
[2018.09.23-14.17.00:030][ 27]LogPlayLevel: PIE: World Init took: (0.002731s)
[2018.09.23-14.17.00:030][ 27]LogPlayLevel: PIE: Created PIE world by copying editor world from /Game/ThirdPersonBP/Maps/ThirdPersonExampleMap.ThirdPersonExampleMap to /Game/ThirdPersonBP/Maps/UEDPIE_0_ThirdPersonExampleMap.ThirdPersonExampleMap (0.167392s)
[2018.09.23-14.17.00:225][ 27]LogInit: XAudio2 using 'Ligne (5- AG06/AG03)' : 2 channels at 44.1 kHz using 24 bits per sample (channel mask 0x3)
[2018.09.23-14.17.00:235][ 27]LogInit: FAudioDevice initialized.
[2018.09.23-14.17.00:583][ 27]LogSkeletalMesh: Building Skeletal Mesh SK_Mannequin...
[2018.09.23-14.17.00:872][ 27]LogTexture: Display: Building textures: T_ML_Rubber_Blue_01_D (DXT1, 512X512)
[2018.09.23-14.17.00:872][ 27]LogTexture: Display: Building textures: T_ML_Rubber_Blue_01_N (BC5, 512X512)
[2018.09.23-14.17.00:872][ 27]LogTexture: Display: Building textures: T_ML_Aluminum01_N (BC5, 512X512)
[2018.09.23-14.17.00:872][ 27]LogSkeletalMesh: Built Skeletal Mesh [0.29s] /Game/Mannequin/AnimStarterPack/UE4_Mannequin/Mesh/SK_Mannequin.SK_Mannequin
[2018.09.23-14.17.02:417][ 27]LogTexture: Display: Building textures: UE4_Mannequin__normals (BC5, 2048X2048)
[2018.09.23-14.17.02:417][ 27]LogTexture: Display: Building textures: T_ML_Aluminum01 (DXT1, 512X512)
[2018.09.23-14.17.02:417][ 27]LogTexture: Display: Building textures: UE4Man_Logo_N (BC5, 512X512)
[2018.09.23-14.17.02:418][ 27]LogTexture: Display: Building textures: UE4_Mannequin_occlusion_Mobile (DXT1, 512X512)
[2018.09.23-14.17.02:418][ 27]LogTexture: Display: Building textures: UE4_Mannequin_MAT_MASKA (AutoDXT, 1024X1024)
[2018.09.23-14.17.02:418][ 27]LogMaterial: Display: Missing cached shader map for material M_UE4Man_Body, compiling. 
[2018.09.23-14.17.02:754][ 27]LogAnimationCompression: Building Anim DDC data for AnimSequence /Game/Mannequin/AnimStarterPack/Animation/Jog_Bwd_Rifle.Jog_Bwd_Rifle
[2018.09.23-14.17.02:758][ 27]LogShaderCompilers: Display: Shaders left to compile 128
[2018.09.23-14.17.02:758][ 27]LogShaderCompilers: Display: Shaders left to compile 118
[2018.09.23-14.17.02:758][ 27]LogAnimationCompression: Recompressing (AnimSequence /Game/Mannequin/AnimStarterPack/Animation/Jog_Bwd_Rifle.Jog_Bwd_Rifle) using current/default (AnimCompress_BitwiseCompressOnly_34) bFirstRecompressUsingCurrentOrDefault(1) bTryAlternateCompressor(0) IsCompressedDataValid(0)
[2018.09.23-14.17.02:764][ 27]LogAnimationCompression: Building Anim DDC data for AnimSequence /Game/Mannequin/AnimStarterPack/Animation/Walk_Bwd_Rifle_Ironsights.Walk_Bwd_Rifle_Ironsights
[2018.09.23-14.17.02:765][ 27]LogAnimationCompression: Recompressing (AnimSequence /Game/Mannequin/AnimStarterPack/Animation/Walk_Bwd_Rifle_Ironsights.Walk_Bwd_Rifle_Ironsights) using current/default (AnimCompress_BitwiseCompressOnly_58) bFirstRecompressUsingCurrentOrDefault(1) bTryAlternateCompressor(0) IsCompressedDataValid(0)
[2018.09.23-14.17.02:770][ 27]LogAnimationCompression: Building Anim DDC data for AnimSequence /Game/Mannequin/AnimStarterPack/Animation/Jog_Rt_Rifle.Jog_Rt_Rifle
[2018.09.23-14.17.02:771][ 27]LogAnimationCompression: Recompressing (AnimSequence /Game/Mannequin/AnimStarterPack/Animation/Jog_Rt_Rifle.Jog_Rt_Rifle) using current/default (AnimCompress_BitwiseCompressOnly_37) bFirstRecompressUsingCurrentOrDefault(1) bTryAlternateCompressor(0) IsCompressedDataValid(0)
[2018.09.23-14.17.02:775][ 27]LogAnimationCompression: Building Anim DDC data for AnimSequence /Game/Mannequin/AnimStarterPack/Animation/Jog_Fwd_Rifle.Jog_Fwd_Rifle
[2018.09.23-14.17.02:775][ 27]LogAnimationCompression: Recompressing (AnimSequence /Game/Mannequin/AnimStarterPack/Animation/Jog_Fwd_Rifle.Jog_Fwd_Rifle) using current/default (AnimCompress_BitwiseCompressOnly_35) bFirstRecompressUsingCurrentOrDefault(1) bTryAlternateCompressor(0) IsCompressedDataValid(0)
[2018.09.23-14.17.02:779][ 27]LogAnimationCompression: Building Anim DDC data for AnimSequence /Game/Mannequin/AnimStarterPack/Animation/Sprint_Fwd_Rifle.Sprint_Fwd_Rifle
[2018.09.23-14.17.02:780][ 27]LogAnimationCompression: Recompressing (AnimSequence /Game/Mannequin/AnimStarterPack/Animation/Sprint_Fwd_Rifle.Sprint_Fwd_Rifle) using current/default (AnimCompress_BitwiseCompressOnly_54) bFirstRecompressUsingCurrentOrDefault(1) bTryAlternateCompressor(0) IsCompressedDataValid(0)
[2018.09.23-14.17.02:782][ 27]LogAnimationCompression: Building Anim DDC data for AnimSequence /Game/Mannequin/AnimStarterPack/Animation/Jog_Lt_Rifle.Jog_Lt_Rifle
[2018.09.23-14.17.02:783][ 27]LogAnimationCompression: Recompressing (AnimSequence /Game/Mannequin/AnimStarterPack/Animation/Jog_Lt_Rifle.Jog_Lt_Rifle) using current/default (AnimCompress_BitwiseCompressOnly_0) bFirstRecompressUsingCurrentOrDefault(1) bTryAlternateCompressor(0) IsCompressedDataValid(0)
[2018.09.23-14.17.02:816][ 27]LogAnimationCompression: Building Anim DDC data for AnimSequence /Game/Mannequin/AnimStarterPack/Animation/Idle_Rifle_Hip_Break1.Idle_Rifle_Hip_Break1
[2018.09.23-14.17.02:816][ 27]LogAnimationCompression: Recompressing (AnimSequence /Game/Mannequin/AnimStarterPack/Animation/Idle_Rifle_Hip_Break1.Idle_Rifle_Hip_Break1) using current/default (AnimCompress_BitwiseCompressOnly_31) bFirstRecompressUsingCurrentOrDefault(1) bTryAlternateCompressor(0) IsCompressedDataValid(0)
[2018.09.23-14.17.02:835][ 27]LogMaterial: Display: Missing cached shader map for material M_UE4Man_Body, compiling. 
[2018.09.23-14.17.03:025][ 27]LogAnimationCompression: Building Anim DDC data for AnimSequence /Game/Mannequin/AnimStarterPack/Animation/Walk_Rt_Rifle_Ironsights.Walk_Rt_Rifle_Ironsights
[2018.09.23-14.17.03:026][ 27]LogAnimationCompression: Recompressing (AnimSequence /Game/Mannequin/AnimStarterPack/Animation/Walk_Rt_Rifle_Ironsights.Walk_Rt_Rifle_Ironsights) using current/default (AnimCompress_BitwiseCompressOnly_61) bFirstRecompressUsingCurrentOrDefault(1) bTryAlternateCompressor(0) IsCompressedDataValid(0)
[2018.09.23-14.17.03:030][ 27]LogAnimationCompression: Building Anim DDC data for AnimSequence /Game/Mannequin/AnimStarterPack/Animation/Walk_Fwd_Rifle_Ironsights.Walk_Fwd_Rifle_Ironsights
[2018.09.23-14.17.03:030][ 27]LogAnimationCompression: Recompressing (AnimSequence /Game/Mannequin/AnimStarterPack/Animation/Walk_Fwd_Rifle_Ironsights.Walk_Fwd_Rifle_Ironsights) using current/default (AnimCompress_BitwiseCompressOnly_59) bFirstRecompressUsingCurrentOrDefault(1) bTryAlternateCompressor(0) IsCompressedDataValid(0)
[2018.09.23-14.17.03:034][ 27]LogAnimationCompression: Building Anim DDC data for AnimSequence /Game/Mannequin/AnimStarterPack/Animation/Walk_Lt_Rifle_Ironsights.Walk_Lt_Rifle_Ironsights
[2018.09.23-14.17.03:034][ 27]LogAnimationCompression: Recompressing (AnimSequence /Game/Mannequin/AnimStarterPack/Animation/Walk_Lt_Rifle_Ironsights.Walk_Lt_Rifle_Ironsights) using current/default (AnimCompress_BitwiseCompressOnly_60) bFirstRecompressUsingCurrentOrDefault(1) bTryAlternateCompressor(0) IsCompressedDataValid(0)
[2018.09.23-14.17.03:048][ 27]LogLoad: Game class is 'ThirdPersonGameMode_C'
[2018.09.23-14.17.03:079][ 27]LogWorld: Bringing World /Game/ThirdPersonBP/Maps/UEDPIE_0_ThirdPersonExampleMap.ThirdPersonExampleMap up for play (max tick rate 0) at 2018.09.23-16.17.03
[2018.09.23-14.17.03:119][ 27]LogWorld: Bringing up level for play took: 0.066861
[2018.09.23-14.17.03:162][ 27]LogContentBrowser: Native class hierarchy updated for 'MovieSceneCapture' in 0.0009 seconds. Added 10 classes and 0 folders.
[2018.09.23-14.17.03:189][ 27]PIE: Play in editor start time for /Game/ThirdPersonBP/Maps/UEDPIE_0_ThirdPersonExampleMap 3,02
[2018.09.23-14.17.03:190][ 27]LogBlueprintUserMessages: Late PlayInEditor Detection: Level '/Game/ThirdPersonBP/Maps/ThirdPersonExampleMap.ThirdPersonExampleMap:PersistentLevel' has LevelScriptBlueprint '/Game/ThirdPersonBP/Maps/ThirdPersonExampleMap.ThirdPersonExampleMap:PersistentLevel.ThirdPersonExampleMap' with GeneratedClass '/Game/ThirdPersonBP/Maps/ThirdPersonExampleMap.ThirdPersonExampleMap_C' with ClassGeneratedBy '/Game/ThirdPersonBP/Maps/ThirdPersonExampleMap.ThirdPersonExampleMap:PersistentLevel.ThirdPersonExampleMap'
[2018.09.23-14.17.08:741][325]LogShaderCompilers: Display: Shaders left to compile 236
[2018.09.23-14.17.08:973][340]LogWindowsTextInputMethodSystem: Display: IME system now deactivated.
[2018.09.23-14.17.09:176][353]LogShaderCompilers: Display: Shaders left to compile 226
[2018.09.23-14.17.12:124][529]LogWindowsTextInputMethodSystem: Display: IME system now deactivated.
[2018.09.23-14.17.13:244][588]LogShaderCompilers: Display: Shaders left to compile 216
[2018.09.23-14.17.19:213][946]LogShaderCompilers: Display: Shaders left to compile 206
[2018.09.23-14.17.20:208][999]LogShaderCompilers: Display: Shaders left to compile 196
[2018.09.23-14.17.24:810][280]LogShaderCompilers: Display: Shaders left to compile 186
[2018.09.23-14.17.26:096][357]LogShaderCompilers: Display: Shaders left to compile 176
[2018.09.23-14.17.34:001][833]LogShaderCompilers: Display: Shaders left to compile 166
[2018.09.23-14.17.34:031][835]LogShaderCompilers: Display: Shaders left to compile 156
[2018.09.23-14.17.38:941][129]LogShaderCompilers: Display: Shaders left to compile 146
[2018.09.23-14.17.39:225][148]LogShaderCompilers: Display: Shaders left to compile 136
[2018.09.23-14.17.46:828][613]LogShaderCompilers: Display: Shaders left to compile 126
[2018.09.23-14.17.47:434][649]LogShaderCompilers: Display: Shaders left to compile 116
[2018.09.23-14.17.51:661][900]LogShaderCompilers: Display: Shaders left to compile 106
[2018.09.23-14.17.52:916][976]LogShaderCompilers: Display: Shaders left to compile 96
[2018.09.23-14.17.57:180][235]LogShaderCompilers: Display: Shaders left to compile 86
[2018.09.23-14.18.01:446][490]LogShaderCompilers: Display: Shaders left to compile 76
[2018.09.23-14.18.03:313][604]LogBlueprintUserMessages: Early EndPlayMap Detection: Level '/Game/ThirdPersonBP/Maps/ThirdPersonExampleMap.ThirdPersonExampleMap:PersistentLevel' has LevelScriptBlueprint '/Game/ThirdPersonBP/Maps/ThirdPersonExampleMap.ThirdPersonExampleMap:PersistentLevel.ThirdPersonExampleMap' with GeneratedClass '/Game/ThirdPersonBP/Maps/ThirdPersonExampleMap.ThirdPersonExampleMap_C' with ClassGeneratedBy '/Game/ThirdPersonBP/Maps/ThirdPersonExampleMap.ThirdPersonExampleMap:PersistentLevel.ThirdPersonExampleMap'
[2018.09.23-14.18.03:313][604]LogSlate: Updating window title bar state: overlay mode, drag disabled, window buttons hidden, title bar hidden
[2018.09.23-14.18.03:360][604]LogPlayLevel: Display: Shutting down PIE online subsystems
[2018.09.23-14.18.03:361][604]LogBlueprintUserMessages: Late EndPlayMap Detection: Level '/Game/ThirdPersonBP/Maps/ThirdPersonExampleMap.ThirdPersonExampleMap:PersistentLevel' has LevelScriptBlueprint '/Game/ThirdPersonBP/Maps/ThirdPersonExampleMap.ThirdPersonExampleMap:PersistentLevel.ThirdPersonExampleMap' with GeneratedClass '/Game/ThirdPersonBP/Maps/ThirdPersonExampleMap.ThirdPersonExampleMap_C' with ClassGeneratedBy '/Game/ThirdPersonBP/Maps/ThirdPersonExampleMap.ThirdPersonExampleMap:PersistentLevel.ThirdPersonExampleMap'
[2018.09.23-14.18.03:461][604]LogSlate: Updating window title bar state: overlay mode, drag disabled, window buttons hidden, title bar hidden
[2018.09.23-14.18.03:545][605]LogPlayLevel: Display: Destroying online subsystem :Context_1
[2018.09.23-14.18.03:570][605]LogShaderCompilers: Display: Shaders left to compile 66
[2018.09.23-14.18.06:847][734]LogShaderCompilers: Display: Shaders left to compile 56
[2018.09.23-14.18.07:040][738]LogSlate: FSceneViewport::OnFocusLost() reason 0
[2018.09.23-14.18.09:382][801]LogShaderCompilers: Display: Shaders left to compile 46
[2018.09.23-14.18.16:237][ 53]LogShaderCompilers: Display: Shaders left to compile 36
[2018.09.23-14.18.16:875][ 71]LogShaderCompilers: Display: Shaders left to compile 26
[2018.09.23-14.18.21:229][259]LogShaderCompilers: Display: Shaders left to compile 16
[2018.09.23-14.18.22:481][308]LogShaderCompilers: Display: Shaders left to compile 6
[2018.09.23-15.22.42:347][415]LogSlate: Window 'New Level' being destroyed
[2018.09.23-15.23.09:954][266]LogGameProjectGeneration: Verbose: 'E:/logiciel/unreal engine/UE_4.20/Templates/TP_ThirdPersonBP/Media/TP_ThirdPersonBP.png': Skipping as it is in an ignored folder 'Media'
[2018.09.23-15.23.09:954][266]LogGameProjectGeneration: Verbose: 'E:/logiciel/unreal engine/UE_4.20/Templates/TP_ThirdPersonBP/Media/TP_ThirdPersonBP_Preview.png': Skipping as it is in an ignored folder 'Media'
[2018.09.23-15.23.11:212][266]LogSlate: Window 'New Project' being destroyed
[2018.09.23-15.23.11:225][267]Cmd: CLOSE_SLATE_MAINFRAME
[2018.09.23-15.23.11:552][267]LogSlate: Window 'proto_shooter_TPS - Unreal Editor' being destroyed
[2018.09.23-15.23.11:823][268]Cmd: QUIT_EDITOR
[2018.09.23-15.23.12:052][268]LogExit: Preparing to exit.
[2018.09.23-15.23.12:641][268]LogExit: Editor shut down
[2018.09.23-15.23.12:641][268]LogExit: Transaction tracking system shut down
[2018.09.23-15.23.13:434][268]LogExit: Object subsystem successfully closed.
[2018.09.23-15.23.13:459][268]LogShaderCompilers: Display: Shaders left to compile 0
[2018.09.23-15.23.13:466][268]LogD3D11RHI: Shutdown
[2018.09.23-15.23.13:466][268]LogD3D11RHI: CleanupD3DDevice
[2018.09.23-15.23.13:472][268]LogD3D11RHI: ~FD3D11DynamicRHI
[2018.09.23-15.23.13:499][268]LogModuleManager: Shutting down and abandoning module NewLevelDialog (616)
[2018.09.23-15.23.13:499][268]LogModuleManager: Shutting down and abandoning module MovieSceneCapture (614)
[2018.09.23-15.23.13:499][268]LogModuleManager: Shutting down and abandoning module Voice (612)
[2018.09.23-15.23.13:499][268]LogModuleManager: Shutting down and abandoning module HierarchicalLODOutliner (610)
[2018.09.23-15.23.13:499][268]LogModuleManager: Shutting down and abandoning module SceneOutliner (608)
[2018.09.23-15.23.13:499][268]LogModuleManager: Shutting down and abandoning module AddContentDialog (606)
[2018.09.23-15.23.13:502][268]LogModuleManager: Shutting down and abandoning module WidgetCarousel (605)
[2018.09.23-15.23.13:502][268]LogModuleManager: Shutting down and abandoning module EditorWidgets (602)
[2018.09.23-15.23.13:503][268]LogModuleManager: Shutting down and abandoning module CollectionManager (600)
[2018.09.23-15.23.13:503][268]LogModuleManager: Shutting down and abandoning module StatsViewer (598)
[2018.09.23-15.23.13:503][268]LogModuleManager: Shutting down and abandoning module FoliageEdit (596)
[2018.09.23-15.23.13:503][268]LogModuleManager: Shutting down and abandoning module LandscapeEditor (594)
[2018.09.23-15.23.13:504][268]LogModuleManager: Shutting down and abandoning module MeshPaintMode (592)
[2018.09.23-15.23.13:504][268]LogModuleManager: Shutting down and abandoning module SceneDepthPickerMode (590)
[2018.09.23-15.23.13:504][268]LogModuleManager: Shutting down and abandoning module ActorPickerMode (588)
[2018.09.23-15.23.13:504][268]LogModuleManager: Shutting down and abandoning module GeometryMode (586)
[2018.09.23-15.23.13:504][268]LogModuleManager: Shutting down and abandoning module TextureAlignMode (584)
[2018.09.23-15.23.13:504][268]LogModuleManager: Shutting down and abandoning module BspMode (582)
[2018.09.23-15.23.13:504][268]LogModuleManager: Shutting down and abandoning module PIEPreviewDeviceProfileSelector (580)
[2018.09.23-15.23.13:504][268]LogModuleManager: Shutting down and abandoning module SequenceRecorderSections (578)
[2018.09.23-15.23.13:504][268]LogModuleManager: Shutting down and abandoning module AutomationWorker (576)
[2018.09.23-15.23.13:504][268]LogModuleManager: Shutting down and abandoning module AudioCaptureEditor (574)
[2018.09.23-15.23.13:504][268]LogModuleManager: Shutting down and abandoning module SequenceRecorder (573)
[2018.09.23-15.23.13:504][268]LogModuleManager: Shutting down and abandoning module MatineeToLevelSequence (570)
[2018.09.23-15.23.13:504][268]LogModuleManager: Shutting down and abandoning module LevelSequenceEditor (568)
[2018.09.23-15.23.13:504][268]LogModuleManager: Shutting down and abandoning module PlacementMode (567)
[2018.09.23-15.23.13:505][268]LogModuleManager: Shutting down and abandoning module MaterialEditor (566)
[2018.09.23-15.23.13:505][268]LogModuleManager: Shutting down and abandoning module WmfMediaFactory (562)
[2018.09.23-15.23.13:505][268]LogModuleManager: Shutting down and abandoning module WmfMediaEditor (560)
[2018.09.23-15.23.13:505][268]LogModuleManager: Shutting down and abandoning module MediaPlayerEditor (558)
[2018.09.23-15.23.13:505][268]LogModuleManager: Shutting down and abandoning module OpenExrWrapper (556)
[2018.09.23-15.23.13:505][268]LogModuleManager: Shutting down and abandoning module ImgMediaFactory (554)
[2018.09.23-15.23.13:505][268]LogModuleManager: Shutting down and abandoning module ImgMediaEditor (552)
[2018.09.23-15.23.13:505][268]LogModuleManager: Shutting down and abandoning module AvfMediaFactory (550)
[2018.09.23-15.23.13:505][268]LogModuleManager: Shutting down and abandoning module AvfMediaEditor (548)
[2018.09.23-15.23.13:505][268]LogModuleManager: Shutting down and abandoning module AndroidMediaFactory (546)
[2018.09.23-15.23.13:505][268]LogModuleManager: Shutting down and abandoning module AndroidMediaEditor (544)
[2018.09.23-15.23.13:505][268]LogModuleManager: Shutting down and abandoning module MagicLeapCameraPreviewFactory (542)
[2018.09.23-15.23.13:506][268]LogModuleManager: Shutting down and abandoning module MagicLeapMediaFactory (540)
[2018.09.23-15.23.13:506][268]LogModuleManager: Shutting down and abandoning module MagicLeapMediaEditor (538)
[2018.09.23-15.23.13:506][268]LogModuleManager: Shutting down and abandoning module CharacterAI (536)
[2018.09.23-15.23.13:506][268]LogModuleManager: Shutting down and abandoning module SmartSnapping (534)
[2018.09.23-15.23.13:506][268]LogModuleManager: Shutting down and abandoning module SessionServices (532)
[2018.09.23-15.23.13:506][268]LogModuleManager: Shutting down and abandoning module ViewportSnapping (530)
[2018.09.23-15.23.13:506][268]LogModuleManager: Shutting down and abandoning module ViewportInteraction (528)
[2018.09.23-15.23.13:506][268]LogModuleManager: Shutting down and abandoning module ClothPainter (526)
[2018.09.23-15.23.13:506][268]LogModuleManager: Shutting down and abandoning module SkeletalMeshEditor (525)
[2018.09.23-15.23.13:506][268]LogModuleManager: Shutting down and abandoning module LogVisualizer (522)
[2018.09.23-15.23.13:506][268]LogModuleManager: Shutting down and abandoning module IntroTutorials (520)
[2018.09.23-15.23.13:507][268]LogModuleManager: Shutting down and abandoning module GameProjectGeneration (519)
[2018.09.23-15.23.13:507][268]LogModuleManager: Shutting down and abandoning module LuminPlatformEditor (516)
[2018.09.23-15.23.13:507][268]LogModuleManager: Shutting down and abandoning module IOSPlatformEditor (514)
[2018.09.23-15.23.13:507][268]LogModuleManager: Shutting down and abandoning module HTML5PlatformEditor (512)
[2018.09.23-15.23.13:507][268]LogModuleManager: Shutting down and abandoning module AndroidPlatformEditor (510)
[2018.09.23-15.23.13:507][268]LogModuleManager: Shutting down and abandoning module AndroidDeviceDetection (509)
[2018.09.23-15.23.14:400][268]LogModuleManager: Shutting down and abandoning module WindowsPlatformEditor (506)
[2018.09.23-15.23.14:400][268]LogModuleManager: Shutting down and abandoning module LuminRuntimeSettings (504)
[2018.09.23-15.23.14:400][268]LogModuleManager: Shutting down and abandoning module IOSRuntimeSettings (502)
[2018.09.23-15.23.14:400][268]LogModuleManager: Shutting down and abandoning module AndroidRuntimeSettings (500)
[2018.09.23-15.23.14:400][268]LogModuleManager: Shutting down and abandoning module InputBindingEditor (498)
[2018.09.23-15.23.14:400][268]LogModuleManager: Shutting down and abandoning module MergeActors (496)
[2018.09.23-15.23.14:400][268]LogModuleManager: Shutting down and abandoning module LocalizationDashboard (494)
[2018.09.23-15.23.14:400][268]LogModuleManager: Shutting down and abandoning module LocalizationService (493)
[2018.09.23-15.23.14:401][268]LogModuleManager: Shutting down and abandoning module HardwareTargeting (490)
[2018.09.23-15.23.14:401][268]LogModuleManager: Shutting down and abandoning module DeviceProfileEditor (488)
[2018.09.23-15.23.14:401][268]LogModuleManager: Shutting down and abandoning module UndoHistory (486)
[2018.09.23-15.23.14:401][268]LogModuleManager: Shutting down and abandoning module XmlParser (484)
[2018.09.23-15.23.14:401][268]LogModuleManager: Shutting down and abandoning module Blutility (482)
[2018.09.23-15.23.14:401][268]LogModuleManager: Shutting down and abandoning module ProjectSettingsViewer (480)
[2018.09.23-15.23.14:401][268]LogModuleManager: Shutting down and abandoning module ProjectTargetPlatformEditor (479)
[2018.09.23-15.23.14:401][268]LogModuleManager: Shutting down and abandoning module EditorSettingsViewer (476)
[2018.09.23-15.23.14:401][268]LogModuleManager: Shutting down and abandoning module SettingsEditor (474)
[2018.09.23-15.23.14:402][268]LogModuleManager: Shutting down and abandoning module ProjectLauncher (472)
[2018.09.23-15.23.14:402][268]LogModuleManager: Shutting down and abandoning module SessionFrontend (470)
[2018.09.23-15.23.14:402][268]LogModuleManager: Shutting down and abandoning module ProfilerClient (468)
[2018.09.23-15.23.14:402][268]LogModuleManager: Shutting down and abandoning module DeviceManager (466)
[2018.09.23-15.23.14:402][268]LogModuleManager: Shutting down and abandoning module TargetDeviceServices (465)
[2018.09.23-15.23.14:443][268]LogModuleManager: Shutting down and abandoning module AutomationController (462)
[2018.09.23-15.23.14:443][268]LogModuleManager: Shutting down and abandoning module AutomationWindow (460)
[2018.09.23-15.23.14:443][268]LogModuleManager: Shutting down and abandoning module Layers (458)
[2018.09.23-15.23.14:443][268]LogModuleManager: Shutting down and abandoning module ComponentVisualizers (456)
[2018.09.23-15.23.14:443][268]LogModuleManager: Shutting down and abandoning module DetailCustomizations (454)
[2018.09.23-15.23.14:443][268]LogModuleManager: Shutting down and abandoning module PackagesDialog (452)
[2018.09.23-15.23.14:443][268]LogModuleManager: Shutting down and abandoning module Persona (450)
[2018.09.23-15.23.14:444][268]LogModuleManager: Shutting down and abandoning module AdvancedPreviewScene (449)
[2018.09.23-15.23.14:444][268]LogModuleManager: Shutting down and abandoning module AnimGraph (447)
[2018.09.23-15.23.14:444][268]LogModuleManager: Shutting down and abandoning module Kismet (444)
[2018.09.23-15.23.14:445][268]LogModuleManager: Shutting down and abandoning module GraphEditor (442)
[2018.09.23-15.23.14:445][268]LogModuleManager: Shutting down and abandoning module ClassViewer (440)
[2018.09.23-15.23.14:445][268]LogModuleManager: Shutting down and abandoning module Toolbox (438)
[2018.09.23-15.23.14:445][268]LogModuleManager: Shutting down and abandoning module ModuleUI (436)
[2018.09.23-15.23.14:445][268]LogModuleManager: Shutting down and abandoning module MovieSceneTools (434)
[2018.09.23-15.23.14:445][268]LogModuleManager: Shutting down and abandoning module OutputLog (432)
[2018.09.23-15.23.14:446][268]LogModuleManager: Shutting down and abandoning module GammaUI (430)
[2018.09.23-15.23.14:446][268]LogModuleManager: Shutting down and abandoning module Documentation (428)
[2018.09.23-15.23.14:446][268]LogModuleManager: Shutting down and abandoning module MovieSceneTracks (426)
[2018.09.23-15.23.14:446][268]LogModuleManager: Shutting down and abandoning module MovieScene (424)
[2018.09.23-15.23.14:446][268]LogModuleManager: Shutting down and abandoning module StreamingPauseRendering (422)
[2018.09.23-15.23.14:446][268]LogModuleManager: Shutting down and abandoning module LauncherPlatform (420)
[2018.09.23-15.23.14:446][268]LogModuleManager: Shutting down and abandoning module AnalyticsET (418)
[2018.09.23-15.23.14:446][268]LogModuleManager: Shutting down and abandoning module PortalServices (416)
[2018.09.23-15.23.14:446][268]LogModuleManager: Shutting down and abandoning module PortalRpc (414)
[2018.09.23-15.23.14:446][268]LogModuleManager: Shutting down and abandoning module MessagingRpc (412)
[2018.09.23-15.23.14:446][268]LogModuleManager: Shutting down and abandoning module AIModule (410)
[2018.09.23-15.23.14:446][268]LogModuleManager: Shutting down and abandoning module GameplayDebugger (409)
[2018.09.23-15.23.14:446][268]LogModuleManager: Shutting down and abandoning module AITestSuite (407)
[2018.09.23-15.23.14:447][268]LogModuleManager: Shutting down and abandoning module NavigationSystem (405)
[2018.09.23-15.23.14:447][268]LogModuleManager: Shutting down and abandoning module DesktopPlatform (402)
[2018.09.23-15.23.14:447][268]LogModuleManager: Shutting down and abandoning module ProfilerService (400)
[2018.09.23-15.23.14:510][268]LogModuleManager: Shutting down and abandoning module TaskGraph (398)
[2018.09.23-15.23.14:512][268]LogModuleManager: Shutting down and abandoning module SteamVRController (396)
[2018.09.23-15.23.14:512][268]LogModuleManager: Shutting down and abandoning module ProceduralMeshComponentEditor (394)
[2018.09.23-15.23.14:512][268]LogModuleManager: Shutting down and abandoning module ProceduralMeshComponent (392)
[2018.09.23-15.23.14:512][268]LogModuleManager: Shutting down and abandoning module OculusInput (390)
[2018.09.23-15.23.14:512][268]LogModuleManager: Shutting down and abandoning module MobilePatchingUtils (388)
[2018.09.23-15.23.14:512][268]LogModuleManager: Shutting down and abandoning module EditableMesh (386)
[2018.09.23-15.23.14:512][268]LogModuleManager: Shutting down and abandoning module CustomMeshComponent (384)
[2018.09.23-15.23.14:512][268]LogModuleManager: Shutting down and abandoning module CableComponent (382)
[2018.09.23-15.23.14:512][268]LogModuleManager: Shutting down and abandoning module AudioCapture (380)
[2018.09.23-15.23.14:512][268]LogModuleManager: Shutting down and abandoning module ArchVisCharacter (378)
[2018.09.23-15.23.14:514][268]LogModuleManager: Shutting down and abandoning module AndroidPermission (376)
[2018.09.23-15.23.14:514][268]LogModuleManager: Shutting down and abandoning module NUTUnrealEngine4 (374)
[2018.09.23-15.23.14:515][268]LogModuleManager: Shutting down and abandoning module NetcodeUnitTest (372)
[2018.09.23-15.23.14:515][268]LogModuleManager: Shutting down and abandoning module MediaCompositingEditor (370)
[2018.09.23-15.23.14:516][268]LogModuleManager: Shutting down and abandoning module MediaCompositing (368)
[2018.09.23-15.23.14:516][268]LogModuleManager: Shutting down and abandoning module LinearTimecode (366)
[2018.09.23-15.23.14:516][268]LogModuleManager: Shutting down and abandoning module ImgMedia (364)
[2018.09.23-15.23.14:533][268]LogModuleManager: Shutting down and abandoning module HTML5Networking (362)
[2018.09.23-15.23.14:533][268]LogModuleManager: Shutting down and abandoning module GeometryCacheTracks (360)
[2018.09.23-15.23.14:533][268]LogModuleManager: Shutting down and abandoning module GeometryCacheSequencer (358)
[2018.09.23-15.23.14:533][268]LogModuleManager: Shutting down and abandoning module BackChannel (356)
[2018.09.23-15.23.14:533][268]LogModuleManager: Shutting down and abandoning module AppleVision (354)
[2018.09.23-15.23.14:533][268]LogModuleManager: Shutting down and abandoning module AppleImageUtils (352)
[2018.09.23-15.23.14:533][268]LogModuleManager: Shutting down and abandoning module AlembicImporter (350)
[2018.09.23-15.23.14:533][268]LogModuleManager: Shutting down and abandoning module AlembicLibrary (349)
[2018.09.23-15.23.14:534][268]LogModuleManager: Shutting down and abandoning module GeometryCache (348)
[2018.09.23-15.23.14:534][268]LogModuleManager: Shutting down and abandoning module GeometryCacheEd (347)
[2018.09.23-15.23.14:534][268]LogModuleManager: Shutting down and abandoning module DatasmithContentEditor (342)
[2018.09.23-15.23.14:534][268]LogModuleManager: Shutting down and abandoning module DatasmithContent (340)
[2018.09.23-15.23.14:536][268]LogModuleManager: Shutting down and abandoning module SpeedTreeImporter (338)
[2018.09.23-15.23.14:537][268]LogModuleManager: Shutting down and abandoning module PluginBrowser (336)
[2018.09.23-15.23.14:539][268]LogModuleManager: Shutting down and abandoning module MobileLauncherProfileWizard (334)
[2018.09.23-15.23.14:539][268]LogModuleManager: Shutting down and abandoning module PolygonModeling (332)
[2018.09.23-15.23.14:539][268]LogModuleManager: Shutting down and abandoning module MeshEditor (330)
[2018.09.23-15.23.14:540][268]LogModuleManager: Shutting down and abandoning module CryptoKeysOpenSSL (328)
[2018.09.23-15.23.14:540][268]LogModuleManager: Shutting down and abandoning module CryptoKeys (326)
[2018.09.23-15.23.14:540][268]LogModuleManager: Shutting down and abandoning module VisualStudioSourceCodeAccess (324)
[2018.09.23-15.23.14:540][268]LogModuleManager: Shutting down and abandoning module VisualStudioCodeSourceCodeAccess (322)
[2018.09.23-15.23.14:540][268]LogModuleManager: Shutting down and abandoning module UObjectPlugin (320)
[2018.09.23-15.23.14:540][268]LogModuleManager: Shutting down and abandoning module SubversionSourceControl (318)
[2018.09.23-15.23.14:540][268]LogModuleManager: Shutting down and abandoning module PerforceSourceControl (316)
[2018.09.23-15.23.14:540][268]LogModuleManager: Shutting down and abandoning module GitSourceControl (314)
[2018.09.23-15.23.14:540][268]LogModuleManager: Shutting down and abandoning module SourceControl (313)
[2018.09.23-15.23.14:541][268]LogModuleManager: Shutting down and abandoning module CLionSourceCodeAccess (310)
[2018.09.23-15.23.14:541][268]LogModuleManager: Shutting down and abandoning module LightPropagationVolumeEditor (308)
[2018.09.23-15.23.14:541][268]LogModuleManager: Shutting down and abandoning module PaperTiledImporter (306)
[2018.09.23-15.23.14:541][268]LogModuleManager: Shutting down and abandoning module PaperSpriteSheetImporter (304)
[2018.09.23-15.23.14:541][268]LogModuleManager: Shutting down and abandoning module Paper2DEditor (302)
[2018.09.23-15.23.14:541][268]LogModuleManager: Shutting down and abandoning module MeshPaint (301)
[2018.09.23-15.23.14:541][268]LogModuleManager: Shutting down and abandoning module RuntimePhysXCooking (298)
[2018.09.23-15.23.14:541][268]LogModuleManager: Shutting down and abandoning module PhysXVehiclesEditor (296)
[2018.09.23-15.23.14:541][268]LogModuleManager: Shutting down and abandoning module PhysXVehicles (294)
[2018.09.23-15.23.14:543][268]LogModuleManager: Shutting down and abandoning module OculusEditor (292)
[2018.09.23-15.23.14:543][268]LogModuleManager: Shutting down and abandoning module LocationServicesBPLibrary (290)
[2018.09.23-15.23.14:543][268]LogModuleManager: Shutting down and abandoning module ImmediatePhysicsEditor (288)
[2018.09.23-15.23.14:543][268]LogModuleManager: Shutting down and abandoning module ImmediatePhysics (286)
[2018.09.23-15.23.14:543][268]LogModuleManager: Shutting down and abandoning module ActorSequence (284)
[2018.09.23-15.23.14:543][268]LogModuleManager: Shutting down and abandoning module UdpMessaging (282)
[2018.09.23-15.23.14:643][268]LogModuleManager: Shutting down and abandoning module TcpMessaging (280)
[2018.09.23-15.23.14:743][268]LogModuleManager: Shutting down and abandoning module MagicLeapAudio (278)
[2018.09.23-15.23.14:743][268]LogModuleManager: Shutting down and abandoning module GameplayTagsEditor (276)
[2018.09.23-15.23.14:743][268]LogModuleManager: Shutting down and abandoning module FacialAnimationEditor (274)
[2018.09.23-15.23.14:743][268]LogModuleManager: Shutting down and abandoning module FacialAnimation (272)
[2018.09.23-15.23.14:743][268]LogModuleManager: Shutting down and abandoning module DataValidation (270)
[2018.09.23-15.23.14:743][268]LogModuleManager: Shutting down and abandoning module AssetManagerEditor (268)
[2018.09.23-15.23.14:743][268]LogModuleManager: Shutting down and abandoning module LevelEditor (267)
[2018.09.23-15.23.14:745][268]LogModuleManager: Shutting down and abandoning module PixelInspectorModule (266)
[2018.09.23-15.23.14:745][268]LogModuleManager: Shutting down and abandoning module CommonMenuExtensions (264)
[2018.09.23-15.23.14:745][268]LogModuleManager: Shutting down and abandoning module MainFrame (262)
[2018.09.23-15.23.14:746][268]LogModuleManager: Shutting down and abandoning module HotReload (261)
[2018.09.23-15.23.14:746][268]LogModuleManager: Shutting down and abandoning module ContentBrowser (257)
[2018.09.23-15.23.14:748][268]LogModuleManager: Shutting down and abandoning module TreeMap (255)
[2018.09.23-15.23.14:748][268]LogModuleManager: Shutting down and abandoning module LightPropagationVolumeRuntime (252)
[2018.09.23-15.23.14:748][268]LogModuleManager: Shutting down and abandoning module AISupportModule (250)
[2018.09.23-15.23.14:748][268]LogModuleManager: Shutting down and abandoning module Paper2D (248)
[2018.09.23-15.23.14:749][268]LogModuleManager: Shutting down and abandoning module WindowsMoviePlayer (246)
[2018.09.23-15.23.14:749][268]LogModuleManager: Shutting down and abandoning module WmfMedia (244)
[2018.09.23-15.23.14:750][268]LogModuleManager: Shutting down and abandoning module Media (243)
[2018.09.23-15.23.14:755][268]LogModuleManager: Shutting down and abandoning module PacketHandler (240)
[2018.09.23-15.23.14:755][268]LogModuleManager: Shutting down and abandoning module ClothingSystemEditor (238)
[2018.09.23-15.23.14:756][268]LogModuleManager: Shutting down and abandoning module ClothingSystemRuntime (236)
[2018.09.23-15.23.14:756][268]LogModuleManager: Shutting down and abandoning module MediaAssets (234)
[2018.09.23-15.23.14:756][268]LogModuleManager: Shutting down and abandoning module Overlay (232)
[2018.09.23-15.23.14:756][268]LogModuleManager: Shutting down and abandoning module OverlayEditor (231)
[2018.09.23-15.23.14:756][268]LogModuleManager: Shutting down and abandoning module VREditor (228)
[2018.09.23-15.23.14:756][268]LogModuleManager: Shutting down and abandoning module StringTableEditor (226)
[2018.09.23-15.23.14:756][268]LogModuleManager: Shutting down and abandoning module GameplayTasksEditor (224)
[2018.09.23-15.23.14:756][268]LogModuleManager: Shutting down and abandoning module BehaviorTreeEditor (222)
[2018.09.23-15.23.14:756][268]LogModuleManager: Shutting down and abandoning module FunctionalTesting (220)
[2018.09.23-15.23.14:756][268]LogModuleManager: Shutting down and abandoning module CollisionAnalyzer (218)
[2018.09.23-15.23.14:756][268]LogModuleManager: Shutting down and abandoning module WorkspaceMenuStructure (217)
[2018.09.23-15.23.14:756][268]LogModuleManager: Shutting down and abandoning module UMG (214)
[2018.09.23-15.23.14:756][268]LogModuleManager: Shutting down and abandoning module UMGEditor (213)
[2018.09.23-15.23.14:756][268]LogModuleManager: Shutting down and abandoning module Sequencer (212)
[2018.09.23-15.23.14:757][268]LogModuleManager: Shutting down and abandoning module MessageLog (209)
[2018.09.23-15.23.14:757][268]LogModuleManager: Shutting down and abandoning module SlateReflector (204)
[2018.09.23-15.23.14:757][268]LogModuleManager: Shutting down and abandoning module Slate (202)
[2018.09.23-15.23.14:757][268]LogModuleManager: Shutting down and abandoning module EditorStyle (200)
[2018.09.23-15.23.14:761][268]LogModuleManager: Shutting down and abandoning module MRMesh (198)
[2018.09.23-15.23.14:761][268]LogModuleManager: Shutting down and abandoning module SourceCodeAccess (196)
[2018.09.23-15.23.14:761][268]LogModuleManager: Shutting down and abandoning module HeadMountedDisplay (194)
[2018.09.23-15.23.14:761][268]LogModuleManager: Shutting down and abandoning module XAudio2 (192)
[2018.09.23-15.23.14:761][268]LogModuleManager: Shutting down and abandoning module Networking (190)
[2018.09.23-15.23.14:761][268]LogModuleManager: Shutting down and abandoning module Core (188)
[2018.09.23-15.23.14:761][268]LogModuleManager: Shutting down and abandoning module LevelSequence (186)
[2018.09.23-15.23.14:761][268]LogModuleManager: Shutting down and abandoning module KismetCompiler (184)
[2018.09.23-15.23.14:761][268]LogModuleManager: Shutting down and abandoning module MeshUtilities (182)
[2018.09.23-15.23.14:761][268]LogModuleManager: Shutting down and abandoning module MeshMergeUtilities (181)
[2018.09.23-15.23.14:761][268]LogModuleManager: Shutting down and abandoning module MeshReductionInterface (180)
[2018.09.23-15.23.14:761][268]LogModuleManager: Shutting down and abandoning module SimplygonSwarm (179)
[2018.09.23-15.23.14:761][268]LogModuleManager: Shutting down and abandoning module ProxyLODMeshReduction (177)
[2018.09.23-15.23.14:761][268]LogModuleManager: Shutting down and abandoning module SimplygonMeshReduction (175)
[2018.09.23-15.23.14:762][268]LogModuleManager: Shutting down and abandoning module QuadricMeshReduction (173)
[2018.09.23-15.23.14:762][268]LogModuleManager: Shutting down and abandoning module MaterialBaking (169)
[2018.09.23-15.23.14:762][268]LogModuleManager: Shutting down and abandoning module DirectoryWatcher (165)
[2018.09.23-15.23.14:762][268]LogModuleManager: Shutting down and abandoning module DerivedDataCache (162)
[2018.09.23-15.23.14:776][268]LogDerivedDataCache: Shutdown
[2018.09.23-15.23.14:776][268]LogModuleManager: Shutting down and abandoning module XGEController (160)
[2018.09.23-15.23.14:776][268]LogModuleManager: Shutting down and abandoning module TargetPlatform (158)
[2018.09.23-15.23.14:777][268]LogModuleManager: Shutting down and abandoning module VulkanShaderFormat (157)
[2018.09.23-15.23.14:777][268]LogModuleManager: Shutting down and abandoning module ShaderFormatVectorVM (155)
[2018.09.23-15.23.14:777][268]LogModuleManager: Shutting down and abandoning module ShaderFormatOpenGL (153)
[2018.09.23-15.23.14:777][268]LogModuleManager: Shutting down and abandoning module ShaderFormatD3D (151)
[2018.09.23-15.23.14:777][268]LogModuleManager: Shutting down and abandoning module MetalShaderFormat (149)
[2018.09.23-15.23.14:777][268]LogModuleManager: Shutting down and abandoning module TextureFormatUncompressed (147)
[2018.09.23-15.23.14:777][268]LogModuleManager: Shutting down and abandoning module TextureFormatPVR (145)
[2018.09.23-15.23.14:777][268]LogModuleManager: Shutting down and abandoning module TextureFormatDXT (143)
[2018.09.23-15.23.14:777][268]LogModuleManager: Shutting down and abandoning module TextureFormatIntelISPCTexComp (141)
[2018.09.23-15.23.14:777][268]LogModuleManager: Shutting down and abandoning module TextureFormatASTC (139)
[2018.09.23-15.23.14:777][268]LogModuleManager: Shutting down and abandoning module ImageWrapper (138)
[2018.09.23-15.23.14:777][268]LogModuleManager: Shutting down and abandoning module TextureFormatAndroid (135)
[2018.09.23-15.23.14:777][268]LogModuleManager: Shutting down and abandoning module AudioFormatOpus (133)
[2018.09.23-15.23.14:777][268]LogModuleManager: Shutting down and abandoning module AudioFormatOgg (131)
[2018.09.23-15.23.14:777][268]LogModuleManager: Shutting down and abandoning module AudioFormatADPCM (129)
[2018.09.23-15.23.14:778][268]LogModuleManager: Shutting down and abandoning module LuminTargetPlatform (127)
[2018.09.23-15.23.14:778][268]LogModuleManager: Shutting down and abandoning module LinuxTargetPlatform (125)
[2018.09.23-15.23.14:778][268]LogModuleManager: Shutting down and abandoning module LinuxServerTargetPlatform (123)
[2018.09.23-15.23.14:778][268]LogModuleManager: Shutting down and abandoning module LinuxNoEditorTargetPlatform (121)
[2018.09.23-15.23.14:778][268]LogModuleManager: Shutting down and abandoning module LinuxClientTargetPlatform (119)
[2018.09.23-15.23.14:778][268]LogModuleManager: Shutting down and abandoning module TVOSTargetPlatform (117)
[2018.09.23-15.23.14:779][268]LogModuleManager: Shutting down and abandoning module Messaging (115)
[2018.09.23-15.23.14:779][268]LogModuleManager: Shutting down and abandoning module IOSTargetPlatform (113)
[2018.09.23-15.23.14:781][268]LogModuleManager: Shutting down and abandoning module HTML5TargetPlatform (111)
[2018.09.23-15.23.14:781][268]LogModuleManager: Shutting down and abandoning module AndroidTargetPlatform (109)
[2018.09.23-15.23.14:795][268]LogModuleManager: Shutting down and abandoning module WindowsTargetPlatform (107)
[2018.09.23-15.23.14:796][268]LogModuleManager: Shutting down and abandoning module WindowsServerTargetPlatform (105)
[2018.09.23-15.23.14:796][268]LogModuleManager: Shutting down and abandoning module WindowsNoEditorTargetPlatform (103)
[2018.09.23-15.23.14:796][268]LogModuleManager: Shutting down and abandoning module WindowsClientTargetPlatform (101)
[2018.09.23-15.23.14:796][268]LogModuleManager: Shutting down and abandoning module MacTargetPlatform (99)
[2018.09.23-15.23.14:796][268]LogModuleManager: Shutting down and abandoning module MacServerTargetPlatform (97)
[2018.09.23-15.23.14:796][268]LogModuleManager: Shutting down and abandoning module MacNoEditorTargetPlatform (95)
[2018.09.23-15.23.14:796][268]LogModuleManager: Shutting down and abandoning module MacClientTargetPlatform (93)
[2018.09.23-15.23.14:796][268]LogModuleManager: Shutting down and abandoning module AllDesktopTargetPlatform (91)
[2018.09.23-15.23.14:796][268]LogModuleManager: Shutting down and abandoning module InputCore (88)
[2018.09.23-15.23.14:796][268]LogModuleManager: Shutting down and abandoning module Settings (86)
[2018.09.23-15.23.14:796][268]LogModuleManager: Shutting down and abandoning module PhysXCooking (84)
[2018.09.23-15.23.14:796][268]LogModuleManager: Shutting down and abandoning module SteamVR (82)
[2018.09.23-15.23.14:796][268]LogModuleManager: Shutting down and abandoning module OculusHMD (80)
[2018.09.23-15.23.14:796][268]LogModuleManager: Shutting down and abandoning module ExampleDeviceProfileSelector (78)
[2018.09.23-15.23.14:796][268]LogModuleManager: Shutting down and abandoning module LauncherChunkInstaller (76)
[2018.09.23-15.23.14:796][268]LogModuleManager: Shutting down and abandoning module OnlineBlueprintSupport (74)
[2018.09.23-15.23.14:797][268]LogModuleManager: Shutting down and abandoning module OnlineSubsystem (70)
[2018.09.23-15.23.14:800][268]LogModuleManager: Shutting down and abandoning module XMPP (65)
[2018.09.23-15.23.14:801][268]LogModuleManager: Shutting down and abandoning module WebSockets (64)
[2018.09.23-15.23.14:831][268]LogModuleManager: Shutting down and abandoning module HTTP (61)
[2018.09.23-15.23.14:831][268]LogHttp: Display: Http module shutting down, but needs to wait on 1 outstanding Http requests:
[2018.09.23-15.23.14:831][268]LogHttp: Display: 	verb=[POST] url=[https://datarouter.ol.epicgames.com/datarouter/api/v1/public/data?SessionID=%7BC5FEAF44-4265-EF2E-9172-C4A4DDC0CC2D%7D&AppID=UEEditor.Rocket.Release&AppVersion=4.20.2-4302132%2B%2B%2BUE4%2BRelease-4.20&UserID=4b3a4d12409fc5f7ef60d6aa74a3c5f7%7C253eb4ae1c8e48a49c403051379d07d2%7Cf6ccac80-2b42-43b4-92f2-e45502e26d1a&AppEnvironment=datacollector-binary&UploadType=eteventstream] status=Processing
[2018.09.23-15.23.14:865][268]LogModuleManager: Shutting down and abandoning module SSL (60)
[2018.09.23-15.23.14:867][268]LogModuleManager: Shutting down and abandoning module MagicLeapEmulator (56)
[2018.09.23-15.23.14:868][268]LogModuleManager: Shutting down and abandoning module MagicLeapPrivileges (54)
[2018.09.23-15.23.14:868][268]LogModuleManager: Shutting down and abandoning module MagicLeapIdentity (52)
[2018.09.23-15.23.14:868][268]LogModuleManager: Shutting down and abandoning module MagicLeapHelperVulkan (50)
[2018.09.23-15.23.14:868][268]LogModuleManager: Shutting down and abandoning module MagicLeapHelperOpenGL (48)
[2018.09.23-15.23.14:868][268]LogModuleManager: Shutting down and abandoning module MagicLeapSecureStorage (46)
[2018.09.23-15.23.14:868][268]LogModuleManager: Shutting down and abandoning module MagicLeapGestures (44)
[2018.09.23-15.23.14:868][268]LogModuleManager: Shutting down and abandoning module MagicLeapEyeTracker (42)
[2018.09.23-15.23.14:868][268]LogModuleManager: Shutting down and abandoning module MagicLeapController (40)
[2018.09.23-15.23.14:868][268]LogSlate: Slate User Destroyed.  User Index 0, Is Virtual User: 0
[2018.09.23-15.23.14:868][268]LogModuleManager: Shutting down and abandoning module MagicLeap (38)
[2018.09.23-15.23.14:869][268]LogModuleManager: Shutting down and abandoning module AnimationModifiers (36)
[2018.09.23-15.23.14:869][268]LogModuleManager: Shutting down and abandoning module PropertyEditor (35)
[2018.09.23-15.23.14:869][268]LogModuleManager: Shutting down and abandoning module AudioEditor (32)
[2018.09.23-15.23.14:869][268]LogModuleManager: Shutting down and abandoning module TextureCompressor (30)
[2018.09.23-15.23.14:869][268]LogModuleManager: Shutting down and abandoning module ShaderCore (28)
[2018.09.23-15.23.14:869][268]LogModuleManager: Shutting down and abandoning module Landscape (26)
[2018.09.23-15.23.14:869][268]LogModuleManager: Shutting down and abandoning module SlateRHIRenderer (24)
[2018.09.23-15.23.14:870][268]LogModuleManager: Shutting down and abandoning module OpenGLDrv (22)
[2018.09.23-15.23.14:870][268]LogModuleManager: Shutting down and abandoning module D3D11RHI (20)
[2018.09.23-15.23.14:870][268]LogModuleManager: Shutting down and abandoning module AnimGraphRuntime (18)
[2018.09.23-15.23.14:870][268]LogModuleManager: Shutting down and abandoning module Renderer (16)
[2018.09.23-15.23.14:870][268]LogModuleManager: Shutting down and abandoning module Engine (14)
[2018.09.23-15.23.14:870][268]LogModuleManager: Shutting down and abandoning module CoreUObject (12)
[2018.09.23-15.23.14:870][268]LogModuleManager: Shutting down and abandoning module NetworkFile (10)
[2018.09.23-15.23.14:870][268]LogModuleManager: Shutting down and abandoning module CookedIterativeFile (8)
[2018.09.23-15.23.14:870][268]LogModuleManager: Shutting down and abandoning module StreamingFile (6)
[2018.09.23-15.23.14:870][268]LogModuleManager: Shutting down and abandoning module SandboxFile (4)
[2018.09.23-15.23.14:870][268]LogModuleManager: Shutting down and abandoning module PakFile (2)
[2018.09.23-15.23.14:882][268]LogExit: Exiting.
[2018.09.23-15.23.14:933][268]Log file closed, 09/23/18 17:23:14
